{"/Users/fjimenez/Documents/6to/coqui-bot/backend/src/main/frontend/src/API.js": {"path":"/Users/fjimenez/Documents/6to/coqui-bot/backend/src/main/frontend/src/API.js","statementMap":{"0":{"start":{"line":19,"column":17},"end":{"line":19,"column":28}}},"fnMap":{},"branchMap":{},"s":{"0":5},"f":{},"b":{},"_coverageSchema":"1a1c01bbd47fc00a2c39e90264f33305004495a9","hash":"d49bc116c96728c0e710925e4f8593bd9e114cac"}
,"/Users/fjimenez/Documents/6to/coqui-bot/backend/src/main/frontend/src/App.js": {"path":"/Users/fjimenez/Documents/6to/coqui-bot/backend/src/main/frontend/src/App.js","statementMap":{"0":{"start":{"line":6,"column":2},"end":{"line":10,"column":4}}},"fnMap":{"0":{"name":"App","decl":{"start":{"line":5,"column":9},"end":{"line":5,"column":12}},"loc":{"start":{"line":5,"column":15},"end":{"line":11,"column":1}},"line":5}},"branchMap":{},"s":{"0":0},"f":{"0":0},"b":{}}
,"/Users/fjimenez/Documents/6to/coqui-bot/backend/src/main/frontend/src/NewItem.js": {"path":"/Users/fjimenez/Documents/6to/coqui-bot/backend/src/main/frontend/src/NewItem.js","statementMap":{"0":{"start":{"line":17,"column":26},"end":{"line":17,"column":38}},"1":{"start":{"line":20,"column":4},"end":{"line":22,"column":5}},"2":{"start":{"line":21,"column":6},"end":{"line":21,"column":13}},"3":{"start":{"line":24,"column":4},"end":{"line":24,"column":24}},"4":{"start":{"line":25,"column":4},"end":{"line":25,"column":16}},"5":{"start":{"line":26,"column":4},"end":{"line":26,"column":23}},"6":{"start":{"line":29,"column":4},"end":{"line":29,"column":28}},"7":{"start":{"line":31,"column":2},"end":{"line":61,"column":4}},"8":{"start":{"line":44,"column":10},"end":{"line":46,"column":11}},"9":{"start":{"line":45,"column":12},"end":{"line":45,"column":32}}},"fnMap":{"0":{"name":"NewItem","decl":{"start":{"line":16,"column":9},"end":{"line":16,"column":16}},"loc":{"start":{"line":16,"column":24},"end":{"line":62,"column":1}},"line":16},"1":{"name":"handleSubmit","decl":{"start":{"line":18,"column":11},"end":{"line":18,"column":23}},"loc":{"start":{"line":18,"column":27},"end":{"line":27,"column":3}},"line":18},"2":{"name":"handleChange","decl":{"start":{"line":28,"column":11},"end":{"line":28,"column":23}},"loc":{"start":{"line":28,"column":27},"end":{"line":30,"column":3}},"line":28},"3":{"name":"(anonymous_3)","decl":{"start":{"line":43,"column":19},"end":{"line":43,"column":20}},"loc":{"start":{"line":43,"column":28},"end":{"line":47,"column":9}},"line":43}},"branchMap":{"0":{"loc":{"start":{"line":20,"column":4},"end":{"line":22,"column":5}},"type":"if","locations":[{"start":{"line":20,"column":4},"end":{"line":22,"column":5}},{"start":{},"end":{}}],"line":20},"1":{"loc":{"start":{"line":44,"column":10},"end":{"line":46,"column":11}},"type":"if","locations":[{"start":{"line":44,"column":10},"end":{"line":46,"column":11}},{"start":{},"end":{}}],"line":44},"2":{"loc":{"start":{"line":54,"column":17},"end":{"line":54,"column":57}},"type":"cond-expr","locations":[{"start":{"line":54,"column":38},"end":{"line":54,"column":50}},{"start":{"line":54,"column":53},"end":{"line":54,"column":57}}],"line":54},"3":{"loc":{"start":{"line":57,"column":9},"end":{"line":57,"column":53}},"type":"cond-expr","locations":[{"start":{"line":57,"column":29},"end":{"line":57,"column":41}},{"start":{"line":57,"column":44},"end":{"line":57,"column":53}}],"line":57}},"s":{"0":0,"1":0,"2":0,"3":0,"4":0,"5":0,"6":0,"7":0,"8":0,"9":0},"f":{"0":0,"1":0,"2":0,"3":0},"b":{"0":[0,0],"1":[0,0],"2":[0,0],"3":[0,0]}}
,"/Users/fjimenez/Documents/6to/coqui-bot/backend/src/main/frontend/src/index.js": {"path":"/Users/fjimenez/Documents/6to/coqui-bot/backend/src/main/frontend/src/index.js","statementMap":{"0":{"start":{"line":16,"column":0},"end":{"line":21,"column":2}}},"fnMap":{},"branchMap":{},"s":{"0":0},"f":{},"b":{}}
,"/Users/fjimenez/Documents/6to/coqui-bot/backend/src/main/frontend/src/app/auth/AuthContext.js": {"path":"/Users/fjimenez/Documents/6to/coqui-bot/backend/src/main/frontend/src/app/auth/AuthContext.js","statementMap":{"0":{"start":{"line":3,"column":20},"end":{"line":3,"column":40}},"1":{"start":{"line":5,"column":19},"end":{"line":18,"column":1}},"2":{"start":{"line":20,"column":27},"end":{"line":20,"column":46}},"3":{"start":{"line":23,"column":2},"end":{"line":30,"column":3}},"4":{"start":{"line":24,"column":16},"end":{"line":24,"column":49}},"5":{"start":{"line":25,"column":4},"end":{"line":25,"column":26}},"6":{"start":{"line":25,"column":14},"end":{"line":25,"column":26}},"7":{"start":{"line":26,"column":20},"end":{"line":26,"column":35}},"8":{"start":{"line":27,"column":4},"end":{"line":27,"column":42}},"9":{"start":{"line":29,"column":4},"end":{"line":29,"column":16}},"10":{"start":{"line":34,"column":26},"end":{"line":34,"column":47}},"11":{"start":{"line":36,"column":18},"end":{"line":43,"column":8}},"12":{"start":{"line":37,"column":21},"end":{"line":37,"column":37}},"13":{"start":{"line":38,"column":4},"end":{"line":38,"column":26}},"14":{"start":{"line":38,"column":19},"end":{"line":38,"column":26}},"15":{"start":{"line":39,"column":4},"end":{"line":39,"column":22}},"16":{"start":{"line":40,"column":4},"end":{"line":42,"column":14}},"17":{"start":{"line":41,"column":6},"end":{"line":41,"column":66}},"18":{"start":{"line":45,"column":17},"end":{"line":50,"column":8}},"19":{"start":{"line":46,"column":4},"end":{"line":46,"column":18}},"20":{"start":{"line":47,"column":4},"end":{"line":49,"column":14}},"21":{"start":{"line":48,"column":6},"end":{"line":48,"column":43}},"22":{"start":{"line":52,"column":16},"end":{"line":57,"column":30}},"23":{"start":{"line":52,"column":31},"end":{"line":57,"column":3}},"24":{"start":{"line":59,"column":2},"end":{"line":59,"column":79}}},"fnMap":{"0":{"name":"loadSession","decl":{"start":{"line":22,"column":9},"end":{"line":22,"column":20}},"loc":{"start":{"line":22,"column":23},"end":{"line":31,"column":1}},"line":22},"1":{"name":"AuthProvider","decl":{"start":{"line":33,"column":16},"end":{"line":33,"column":28}},"loc":{"start":{"line":33,"column":43},"end":{"line":60,"column":1}},"line":33},"2":{"name":"(anonymous_2)","decl":{"start":{"line":36,"column":30},"end":{"line":36,"column":31}},"loc":{"start":{"line":36,"column":40},"end":{"line":43,"column":3}},"line":36},"3":{"name":"(anonymous_3)","decl":{"start":{"line":45,"column":29},"end":{"line":45,"column":30}},"loc":{"start":{"line":45,"column":35},"end":{"line":50,"column":3}},"line":45},"4":{"name":"(anonymous_4)","decl":{"start":{"line":52,"column":24},"end":{"line":52,"column":25}},"loc":{"start":{"line":52,"column":31},"end":{"line":57,"column":3}},"line":52}},"branchMap":{"0":{"loc":{"start":{"line":25,"column":4},"end":{"line":25,"column":26}},"type":"if","locations":[{"start":{"line":25,"column":4},"end":{"line":25,"column":26}},{"start":{},"end":{}}],"line":25},"1":{"loc":{"start":{"line":27,"column":11},"end":{"line":27,"column":41}},"type":"cond-expr","locations":[{"start":{"line":27,"column":27},"end":{"line":27,"column":34}},{"start":{"line":27,"column":37},"end":{"line":27,"column":41}}],"line":27},"2":{"loc":{"start":{"line":38,"column":4},"end":{"line":38,"column":26}},"type":"if","locations":[{"start":{"line":38,"column":4},"end":{"line":38,"column":26}},{"start":{},"end":{}}],"line":38}},"s":{"0":7,"1":7,"2":7,"3":0,"4":0,"5":0,"6":0,"7":0,"8":0,"9":0,"10":0,"11":0,"12":0,"13":0,"14":0,"15":0,"16":0,"17":0,"18":0,"19":0,"20":0,"21":0,"22":0,"23":0,"24":0},"f":{"0":0,"1":0,"2":0,"3":0,"4":0},"b":{"0":[0,0],"1":[0,0],"2":[0,0]},"_coverageSchema":"1a1c01bbd47fc00a2c39e90264f33305004495a9","hash":"b0b19cb0b47a78f5a5ee2dffc05800668e8bd4fa"}
,"/Users/fjimenez/Documents/6to/coqui-bot/backend/src/main/frontend/src/app/auth/useAuth.js": {"path":"/Users/fjimenez/Documents/6to/coqui-bot/backend/src/main/frontend/src/app/auth/useAuth.js","statementMap":{"0":{"start":{"line":5,"column":18},"end":{"line":5,"column":41}},"1":{"start":{"line":6,"column":2},"end":{"line":8,"column":3}},"2":{"start":{"line":7,"column":4},"end":{"line":7,"column":67}},"3":{"start":{"line":9,"column":2},"end":{"line":9,"column":17}}},"fnMap":{"0":{"name":"useAuth","decl":{"start":{"line":4,"column":24},"end":{"line":4,"column":31}},"loc":{"start":{"line":4,"column":34},"end":{"line":10,"column":1}},"line":4}},"branchMap":{"0":{"loc":{"start":{"line":6,"column":2},"end":{"line":8,"column":3}},"type":"if","locations":[{"start":{"line":6,"column":2},"end":{"line":8,"column":3}},{"start":{},"end":{}}],"line":6}},"s":{"0":0,"1":0,"2":0,"3":0},"f":{"0":0},"b":{"0":[0,0]},"_coverageSchema":"1a1c01bbd47fc00a2c39e90264f33305004495a9","hash":"05ca73e31405b69959d22c330fe30a2de7b5692b"}
,"/Users/fjimenez/Documents/6to/coqui-bot/backend/src/main/frontend/src/app/router/AppRouter.js": {"path":"/Users/fjimenez/Documents/6to/coqui-bot/backend/src/main/frontend/src/app/router/AppRouter.js","statementMap":{"0":{"start":{"line":10,"column":19},"end":{"line":10,"column":28}},"1":{"start":{"line":11,"column":2},"end":{"line":13,"column":3}},"2":{"start":{"line":12,"column":4},"end":{"line":12,"column":36}},"3":{"start":{"line":14,"column":2},"end":{"line":14,"column":68}},"4":{"start":{"line":18,"column":2},"end":{"line":28,"column":4}}},"fnMap":{"0":{"name":"HomeRedirect","decl":{"start":{"line":9,"column":9},"end":{"line":9,"column":21}},"loc":{"start":{"line":9,"column":24},"end":{"line":15,"column":1}},"line":9},"1":{"name":"AppRouter","decl":{"start":{"line":17,"column":9},"end":{"line":17,"column":18}},"loc":{"start":{"line":17,"column":21},"end":{"line":29,"column":1}},"line":17}},"branchMap":{"0":{"loc":{"start":{"line":11,"column":2},"end":{"line":13,"column":3}},"type":"if","locations":[{"start":{"line":11,"column":2},"end":{"line":13,"column":3}},{"start":{},"end":{}}],"line":11},"1":{"loc":{"start":{"line":14,"column":23},"end":{"line":14,"column":63}},"type":"cond-expr","locations":[{"start":{"line":14,"column":47},"end":{"line":14,"column":55}},{"start":{"line":14,"column":58},"end":{"line":14,"column":63}}],"line":14}},"s":{"0":0,"1":0,"2":0,"3":0,"4":0},"f":{"0":0,"1":0},"b":{"0":[0,0],"1":[0,0]}}
,"/Users/fjimenez/Documents/6to/coqui-bot/backend/src/main/frontend/src/app/router/ProtectedRoute.js": {"path":"/Users/fjimenez/Documents/6to/coqui-bot/backend/src/main/frontend/src/app/router/ProtectedRoute.js","statementMap":{"0":{"start":{"line":6,"column":36},"end":{"line":6,"column":45}},"1":{"start":{"line":8,"column":2},"end":{"line":23,"column":4}},"2":{"start":{"line":12,"column":8},"end":{"line":14,"column":9}},"3":{"start":{"line":13,"column":10},"end":{"line":13,"column":42}},"4":{"start":{"line":16,"column":8},"end":{"line":18,"column":9}},"5":{"start":{"line":17,"column":10},"end":{"line":17,"column":76}},"6":{"start":{"line":20,"column":8},"end":{"line":20,"column":40}}},"fnMap":{"0":{"name":"ProtectedRoute","decl":{"start":{"line":5,"column":9},"end":{"line":5,"column":23}},"loc":{"start":{"line":5,"column":73},"end":{"line":24,"column":1}},"line":5},"1":{"name":"(anonymous_1)","decl":{"start":{"line":11,"column":14},"end":{"line":11,"column":15}},"loc":{"start":{"line":11,"column":25},"end":{"line":21,"column":7}},"line":11}},"branchMap":{"0":{"loc":{"start":{"line":12,"column":8},"end":{"line":14,"column":9}},"type":"if","locations":[{"start":{"line":12,"column":8},"end":{"line":14,"column":9}},{"start":{},"end":{}}],"line":12},"1":{"loc":{"start":{"line":16,"column":8},"end":{"line":18,"column":9}},"type":"if","locations":[{"start":{"line":16,"column":8},"end":{"line":18,"column":9}},{"start":{},"end":{}}],"line":16},"2":{"loc":{"start":{"line":16,"column":12},"end":{"line":16,"column":61}},"type":"binary-expr","locations":[{"start":{"line":16,"column":12},"end":{"line":16,"column":24}},{"start":{"line":16,"column":28},"end":{"line":16,"column":61}}],"line":16},"3":{"loc":{"start":{"line":17,"column":31},"end":{"line":17,"column":71}},"type":"cond-expr","locations":[{"start":{"line":17,"column":55},"end":{"line":17,"column":63}},{"start":{"line":17,"column":66},"end":{"line":17,"column":71}}],"line":17}},"s":{"0":2,"1":2,"2":2,"3":1,"4":1,"5":1,"6":0},"f":{"0":2,"1":2},"b":{"0":[1,1],"1":[1,0],"2":[1,1],"3":[0,1]},"_coverageSchema":"1a1c01bbd47fc00a2c39e90264f33305004495a9","hash":"371b0cbb6fc9e0daf6a370619e96448ca494aaa6"}
,"/Users/fjimenez/Documents/6to/coqui-bot/backend/src/main/frontend/src/components/AISuggestionCard.js": {"path":"/Users/fjimenez/Documents/6to/coqui-bot/backend/src/main/frontend/src/components/AISuggestionCard.js","statementMap":{"0":{"start":{"line":4,"column":2},"end":{"line":19,"column":4}},"1":{"start":{"line":12,"column":10},"end":{"line":15,"column":15}}},"fnMap":{"0":{"name":"AISuggestionCard","decl":{"start":{"line":3,"column":9},"end":{"line":3,"column":25}},"loc":{"start":{"line":3,"column":43},"end":{"line":20,"column":1}},"line":3},"1":{"name":"(anonymous_1)","decl":{"start":{"line":11,"column":25},"end":{"line":11,"column":26}},"loc":{"start":{"line":12,"column":10},"end":{"line":15,"column":15}},"line":12}},"branchMap":{"0":{"loc":{"start":{"line":7,"column":7},"end":{"line":9,"column":7}},"type":"binary-expr","locations":[{"start":{"line":7,"column":7},"end":{"line":7,"column":26}},{"start":{"line":8,"column":8},"end":{"line":8,"column":96}}],"line":7}},"s":{"0":38,"1":0},"f":{"0":38,"1":0},"b":{"0":[38,38]},"_coverageSchema":"1a1c01bbd47fc00a2c39e90264f33305004495a9","hash":"8ed9aa44a43f17747bb95ab2509e53d20bf83478"}
,"/Users/fjimenez/Documents/6to/coqui-bot/backend/src/main/frontend/src/components/BotActivityPanel.js": {"path":"/Users/fjimenez/Documents/6to/coqui-bot/backend/src/main/frontend/src/components/BotActivityPanel.js","statementMap":{"0":{"start":{"line":4,"column":2},"end":{"line":6,"column":3}},"1":{"start":{"line":5,"column":4},"end":{"line":5,"column":21}},"2":{"start":{"line":7,"column":17},"end":{"line":7,"column":32}},"3":{"start":{"line":8,"column":2},"end":{"line":10,"column":3}},"4":{"start":{"line":9,"column":4},"end":{"line":9,"column":21}},"5":{"start":{"line":11,"column":2},"end":{"line":11,"column":33}},"6":{"start":{"line":15,"column":2},"end":{"line":30,"column":4}},"7":{"start":{"line":23,"column":10},"end":{"line":26,"column":15}}},"fnMap":{"0":{"name":"formatDate","decl":{"start":{"line":3,"column":9},"end":{"line":3,"column":19}},"loc":{"start":{"line":3,"column":27},"end":{"line":12,"column":1}},"line":3},"1":{"name":"BotActivityPanel","decl":{"start":{"line":14,"column":9},"end":{"line":14,"column":25}},"loc":{"start":{"line":14,"column":42},"end":{"line":31,"column":1}},"line":14},"2":{"name":"(anonymous_2)","decl":{"start":{"line":22,"column":24},"end":{"line":22,"column":25}},"loc":{"start":{"line":23,"column":10},"end":{"line":26,"column":15}},"line":23}},"branchMap":{"0":{"loc":{"start":{"line":4,"column":2},"end":{"line":6,"column":3}},"type":"if","locations":[{"start":{"line":4,"column":2},"end":{"line":6,"column":3}},{"start":{},"end":{}}],"line":4},"1":{"loc":{"start":{"line":8,"column":2},"end":{"line":10,"column":3}},"type":"if","locations":[{"start":{"line":8,"column":2},"end":{"line":10,"column":3}},{"start":{},"end":{}}],"line":8},"2":{"loc":{"start":{"line":18,"column":7},"end":{"line":20,"column":7}},"type":"binary-expr","locations":[{"start":{"line":18,"column":7},"end":{"line":18,"column":25}},{"start":{"line":19,"column":8},"end":{"line":19,"column":93}}],"line":18}},"s":{"0":0,"1":0,"2":0,"3":0,"4":0,"5":0,"6":0,"7":0},"f":{"0":0,"1":0,"2":0},"b":{"0":[0,0],"1":[0,0],"2":[0,0]}}
,"/Users/fjimenez/Documents/6to/coqui-bot/backend/src/main/frontend/src/components/Kpidashboard.js": {"path":"/Users/fjimenez/Documents/6to/coqui-bot/backend/src/main/frontend/src/components/Kpidashboard.js","statementMap":{"0":{"start":{"line":6,"column":22},"end":{"line":6,"column":34}},"1":{"start":{"line":8,"column":21},"end":{"line":8,"column":79}},"2":{"start":{"line":9,"column":22},"end":{"line":15,"column":1}},"3":{"start":{"line":16,"column":22},"end":{"line":23,"column":1}},"4":{"start":{"line":24,"column":23},"end":{"line":24,"column":95}},"5":{"start":{"line":25,"column":20},"end":{"line":31,"column":1}},"6":{"start":{"line":35,"column":18},"end":{"line":35,"column":65}},"7":{"start":{"line":35,"column":38},"end":{"line":35,"column":64}},"8":{"start":{"line":35,"column":54},"end":{"line":35,"column":63}},"9":{"start":{"line":36,"column":17},"end":{"line":36,"column":40}},"10":{"start":{"line":37,"column":17},"end":{"line":37,"column":20}},"11":{"start":{"line":38,"column":15},"end":{"line":38,"column":17}},"12":{"start":{"line":39,"column":14},"end":{"line":39,"column":15}},"13":{"start":{"line":40,"column":19},"end":{"line":40,"column":21}},"14":{"start":{"line":41,"column":17},"end":{"line":41,"column":62}},"15":{"start":{"line":42,"column":17},"end":{"line":42,"column":39}},"16":{"start":{"line":45,"column":4},"end":{"line":45,"column":71}},"17":{"start":{"line":45,"column":27},"end":{"line":45,"column":71}},"18":{"start":{"line":46,"column":4},"end":{"line":46,"column":50}},"19":{"start":{"line":49,"column":2},"end":{"line":118,"column":4}},"20":{"start":{"line":57,"column":10},"end":{"line":60,"column":16}},"21":{"start":{"line":69,"column":22},"end":{"line":69,"column":45}},"22":{"start":{"line":70,"column":24},"end":{"line":70,"column":36}},"23":{"start":{"line":71,"column":12},"end":{"line":76,"column":14}},"24":{"start":{"line":84,"column":23},"end":{"line":84,"column":39}},"25":{"start":{"line":85,"column":12},"end":{"line":110,"column":14}},"26":{"start":{"line":88,"column":30},"end":{"line":88,"column":43}},"27":{"start":{"line":89,"column":31},"end":{"line":89,"column":71}},"28":{"start":{"line":90,"column":28},"end":{"line":90,"column":50}},"29":{"start":{"line":91,"column":28},"end":{"line":91,"column":46}},"30":{"start":{"line":92,"column":18},"end":{"line":101,"column":20}},"31":{"start":{"line":123,"column":18},"end":{"line":123,"column":73}},"32":{"start":{"line":123,"column":38},"end":{"line":123,"column":72}},"33":{"start":{"line":123,"column":56},"end":{"line":123,"column":71}},"34":{"start":{"line":124,"column":17},"end":{"line":124,"column":40}},"35":{"start":{"line":125,"column":17},"end":{"line":125,"column":20}},"36":{"start":{"line":126,"column":17},"end":{"line":126,"column":20}},"37":{"start":{"line":127,"column":15},"end":{"line":127,"column":17}},"38":{"start":{"line":127,"column":26},"end":{"line":127,"column":28}},"39":{"start":{"line":127,"column":37},"end":{"line":127,"column":39}},"40":{"start":{"line":127,"column":48},"end":{"line":127,"column":50}},"41":{"start":{"line":130,"column":4},"end":{"line":130,"column":55}},"42":{"start":{"line":130,"column":30},"end":{"line":130,"column":55}},"43":{"start":{"line":131,"column":4},"end":{"line":131,"column":69}},"44":{"start":{"line":133,"column":21},"end":{"line":133,"column":61}},"45":{"start":{"line":135,"column":2},"end":{"line":196,"column":4}},"46":{"start":{"line":143,"column":10},"end":{"line":146,"column":16}},"47":{"start":{"line":154,"column":22},"end":{"line":154,"column":47}},"48":{"start":{"line":155,"column":12},"end":{"line":160,"column":14}},"49":{"start":{"line":170,"column":38},"end":{"line":170,"column":97}},"50":{"start":{"line":171,"column":24},"end":{"line":171,"column":95}},"51":{"start":{"line":171,"column":47},"end":{"line":171,"column":84}},"52":{"start":{"line":172,"column":29},"end":{"line":172,"column":49}},"53":{"start":{"line":173,"column":12},"end":{"line":186,"column":14}},"54":{"start":{"line":177,"column":30},"end":{"line":177,"column":45}},"55":{"start":{"line":178,"column":18},"end":{"line":183,"column":20}},"56":{"start":{"line":191,"column":12},"end":{"line":191,"column":122}},"57":{"start":{"line":201,"column":28},"end":{"line":201,"column":57}},"58":{"start":{"line":202,"column":32},"end":{"line":202,"column":46}},"59":{"start":{"line":203,"column":28},"end":{"line":203,"column":42}},"60":{"start":{"line":205,"column":2},"end":{"line":232,"column":22}},"61":{"start":{"line":206,"column":4},"end":{"line":211,"column":5}},"62":{"start":{"line":207,"column":6},"end":{"line":207,"column":30}},"63":{"start":{"line":208,"column":6},"end":{"line":208,"column":24}},"64":{"start":{"line":209,"column":6},"end":{"line":209,"column":21}},"65":{"start":{"line":210,"column":6},"end":{"line":210,"column":13}},"66":{"start":{"line":213,"column":4},"end":{"line":213,"column":21}},"67":{"start":{"line":214,"column":4},"end":{"line":231,"column":9}},"68":{"start":{"line":216,"column":8},"end":{"line":216,"column":58}},"69":{"start":{"line":216,"column":19},"end":{"line":216,"column":58}},"70":{"start":{"line":217,"column":28},"end":{"line":217,"column":63}},"71":{"start":{"line":218,"column":8},"end":{"line":220,"column":9}},"72":{"start":{"line":219,"column":10},"end":{"line":219,"column":59}},"73":{"start":{"line":221,"column":8},"end":{"line":221,"column":24}},"74":{"start":{"line":224,"column":8},"end":{"line":224,"column":23}},"75":{"start":{"line":225,"column":8},"end":{"line":225,"column":26}},"76":{"start":{"line":228,"column":8},"end":{"line":228,"column":29}},"77":{"start":{"line":229,"column":8},"end":{"line":229,"column":23}},"78":{"start":{"line":230,"column":8},"end":{"line":230,"column":26}},"79":{"start":{"line":234,"column":15},"end":{"line":308,"column":13}},"80":{"start":{"line":236,"column":23},"end":{"line":236,"column":62}},"81":{"start":{"line":237,"column":6},"end":{"line":239,"column":7}},"82":{"start":{"line":238,"column":8},"end":{"line":238,"column":57}},"83":{"start":{"line":238,"column":48},"end":{"line":238,"column":57}},"84":{"start":{"line":240,"column":6},"end":{"line":240,"column":18}},"85":{"start":{"line":244,"column":6},"end":{"line":248,"column":7}},"86":{"start":{"line":245,"column":26},"end":{"line":245,"column":52}},"87":{"start":{"line":246,"column":21},"end":{"line":246,"column":102}},"88":{"start":{"line":247,"column":8},"end":{"line":247,"column":55}},"89":{"start":{"line":247,"column":43},"end":{"line":247,"column":55}},"90":{"start":{"line":249,"column":19},"end":{"line":249,"column":100}},"91":{"start":{"line":250,"column":6},"end":{"line":252,"column":7}},"92":{"start":{"line":251,"column":8},"end":{"line":251,"column":55}},"93":{"start":{"line":251,"column":45},"end":{"line":251,"column":55}},"94":{"start":{"line":253,"column":6},"end":{"line":253,"column":18}},"95":{"start":{"line":257,"column":24},"end":{"line":259,"column":5}},"96":{"start":{"line":258,"column":6},"end":{"line":258,"column":46}},"97":{"start":{"line":258,"column":22},"end":{"line":258,"column":45}},"98":{"start":{"line":260,"column":20},"end":{"line":260,"column":71}},"99":{"start":{"line":264,"column":25},"end":{"line":271,"column":6}},"100":{"start":{"line":265,"column":22},"end":{"line":265,"column":74}},"101":{"start":{"line":265,"column":40},"end":{"line":265,"column":73}},"102":{"start":{"line":266,"column":20},"end":{"line":266,"column":33}},"103":{"start":{"line":267,"column":6},"end":{"line":269,"column":9}},"104":{"start":{"line":268,"column":8},"end":{"line":268,"column":71}},"105":{"start":{"line":268,"column":41},"end":{"line":268,"column":62}},"106":{"start":{"line":270,"column":6},"end":{"line":270,"column":19}},"107":{"start":{"line":274,"column":25},"end":{"line":283,"column":6}},"108":{"start":{"line":275,"column":19},"end":{"line":275,"column":21}},"109":{"start":{"line":276,"column":6},"end":{"line":281,"column":9}},"110":{"start":{"line":277,"column":20},"end":{"line":279,"column":68}},"111":{"start":{"line":278,"column":23},"end":{"line":278,"column":71}},"112":{"start":{"line":279,"column":28},"end":{"line":279,"column":64}},"113":{"start":{"line":280,"column":8},"end":{"line":280,"column":45}},"114":{"start":{"line":282,"column":6},"end":{"line":282,"column":34}},"115":{"start":{"line":285,"column":33},"end":{"line":287,"column":5}},"116":{"start":{"line":286,"column":6},"end":{"line":286,"column":44}},"117":{"start":{"line":286,"column":38},"end":{"line":286,"column":43}},"118":{"start":{"line":291,"column":25},"end":{"line":300,"column":6}},"119":{"start":{"line":292,"column":20},"end":{"line":292,"column":34}},"120":{"start":{"line":293,"column":6},"end":{"line":298,"column":9}},"121":{"start":{"line":294,"column":20},"end":{"line":296,"column":68}},"122":{"start":{"line":295,"column":23},"end":{"line":295,"column":71}},"123":{"start":{"line":296,"column":28},"end":{"line":296,"column":64}},"124":{"start":{"line":297,"column":8},"end":{"line":297,"column":52}},"125":{"start":{"line":299,"column":6},"end":{"line":299,"column":19}},"126":{"start":{"line":303,"column":21},"end":{"line":303,"column":84}},"127":{"start":{"line":303,"column":44},"end":{"line":303,"column":80}},"128":{"start":{"line":304,"column":22},"end":{"line":304,"column":46}},"129":{"start":{"line":305,"column":27},"end":{"line":305,"column":59}},"130":{"start":{"line":305,"column":45},"end":{"line":305,"column":51}},"131":{"start":{"line":307,"column":4},"end":{"line":307,"column":124}},"132":{"start":{"line":310,"column":2},"end":{"line":310,"column":110}},"133":{"start":{"line":310,"column":15},"end":{"line":310,"column":110}},"134":{"start":{"line":311,"column":2},"end":{"line":311,"column":103}},"135":{"start":{"line":311,"column":13},"end":{"line":311,"column":103}},"136":{"start":{"line":313,"column":2},"end":{"line":359,"column":4}}},"fnMap":{"0":{"name":"GroupedBarChart","decl":{"start":{"line":34,"column":9},"end":{"line":34,"column":24}},"loc":{"start":{"line":34,"column":89},"end":{"line":119,"column":1}},"line":34},"1":{"name":"(anonymous_1)","decl":{"start":{"line":35,"column":33},"end":{"line":35,"column":34}},"loc":{"start":{"line":35,"column":38},"end":{"line":35,"column":64}},"line":35},"2":{"name":"(anonymous_2)","decl":{"start":{"line":35,"column":49},"end":{"line":35,"column":50}},"loc":{"start":{"line":35,"column":54},"end":{"line":35,"column":63}},"line":35},"3":{"name":"fmt","decl":{"start":{"line":44,"column":11},"end":{"line":44,"column":14}},"loc":{"start":{"line":44,"column":18},"end":{"line":47,"column":3}},"line":44},"4":{"name":"(anonymous_4)","decl":{"start":{"line":56,"column":20},"end":{"line":56,"column":21}},"loc":{"start":{"line":57,"column":10},"end":{"line":60,"column":16}},"line":57},"5":{"name":"(anonymous_5)","decl":{"start":{"line":68,"column":39},"end":{"line":68,"column":40}},"loc":{"start":{"line":68,"column":46},"end":{"line":77,"column":11}},"line":68},"6":{"name":"(anonymous_6)","decl":{"start":{"line":83,"column":22},"end":{"line":83,"column":23}},"loc":{"start":{"line":83,"column":37},"end":{"line":111,"column":11}},"line":83},"7":{"name":"(anonymous_7)","decl":{"start":{"line":87,"column":28},"end":{"line":87,"column":29}},"loc":{"start":{"line":87,"column":39},"end":{"line":102,"column":17}},"line":87},"8":{"name":"LineChart","decl":{"start":{"line":122,"column":9},"end":{"line":122,"column":18}},"loc":{"start":{"line":122,"column":84},"end":{"line":197,"column":1}},"line":122},"9":{"name":"(anonymous_9)","decl":{"start":{"line":123,"column":33},"end":{"line":123,"column":34}},"loc":{"start":{"line":123,"column":38},"end":{"line":123,"column":72}},"line":123},"10":{"name":"(anonymous_10)","decl":{"start":{"line":123,"column":50},"end":{"line":123,"column":51}},"loc":{"start":{"line":123,"column":56},"end":{"line":123,"column":71}},"line":123},"11":{"name":"xPos","decl":{"start":{"line":129,"column":11},"end":{"line":129,"column":15}},"loc":{"start":{"line":129,"column":19},"end":{"line":132,"column":3}},"line":129},"12":{"name":"yPos","decl":{"start":{"line":133,"column":11},"end":{"line":133,"column":15}},"loc":{"start":{"line":133,"column":19},"end":{"line":133,"column":63}},"line":133},"13":{"name":"(anonymous_13)","decl":{"start":{"line":142,"column":20},"end":{"line":142,"column":21}},"loc":{"start":{"line":143,"column":10},"end":{"line":146,"column":16}},"line":143},"14":{"name":"(anonymous_14)","decl":{"start":{"line":153,"column":39},"end":{"line":153,"column":40}},"loc":{"start":{"line":153,"column":46},"end":{"line":161,"column":11}},"line":153},"15":{"name":"(anonymous_15)","decl":{"start":{"line":170,"column":28},"end":{"line":170,"column":29}},"loc":{"start":{"line":170,"column":38},"end":{"line":170,"column":97}},"line":170},"16":{"name":"(anonymous_16)","decl":{"start":{"line":170,"column":103},"end":{"line":170,"column":104}},"loc":{"start":{"line":170,"column":108},"end":{"line":187,"column":11}},"line":170},"17":{"name":"(anonymous_17)","decl":{"start":{"line":171,"column":36},"end":{"line":171,"column":37}},"loc":{"start":{"line":171,"column":47},"end":{"line":171,"column":84}},"line":171},"18":{"name":"(anonymous_18)","decl":{"start":{"line":176,"column":29},"end":{"line":176,"column":30}},"loc":{"start":{"line":176,"column":40},"end":{"line":184,"column":17}},"line":176},"19":{"name":"(anonymous_19)","decl":{"start":{"line":190,"column":23},"end":{"line":190,"column":24}},"loc":{"start":{"line":191,"column":12},"end":{"line":191,"column":122}},"line":191},"20":{"name":"KPIDashboard","decl":{"start":{"line":200,"column":9},"end":{"line":200,"column":21}},"loc":{"start":{"line":200,"column":55},"end":{"line":360,"column":1}},"line":200},"21":{"name":"(anonymous_21)","decl":{"start":{"line":205,"column":12},"end":{"line":205,"column":13}},"loc":{"start":{"line":205,"column":18},"end":{"line":232,"column":3}},"line":205},"22":{"name":"(anonymous_22)","decl":{"start":{"line":215,"column":12},"end":{"line":215,"column":13}},"loc":{"start":{"line":215,"column":25},"end":{"line":222,"column":7}},"line":215},"23":{"name":"(anonymous_23)","decl":{"start":{"line":223,"column":12},"end":{"line":223,"column":13}},"loc":{"start":{"line":223,"column":20},"end":{"line":226,"column":7}},"line":223},"24":{"name":"(anonymous_24)","decl":{"start":{"line":227,"column":13},"end":{"line":227,"column":14}},"loc":{"start":{"line":227,"column":19},"end":{"line":231,"column":7}},"line":227},"25":{"name":"(anonymous_25)","decl":{"start":{"line":234,"column":23},"end":{"line":234,"column":24}},"loc":{"start":{"line":234,"column":29},"end":{"line":308,"column":3}},"line":234},"26":{"name":"getDevName","decl":{"start":{"line":235,"column":13},"end":{"line":235,"column":23}},"loc":{"start":{"line":235,"column":30},"end":{"line":241,"column":5}},"line":235},"27":{"name":"getSprintName","decl":{"start":{"line":243,"column":13},"end":{"line":243,"column":26}},"loc":{"start":{"line":243,"column":33},"end":{"line":254,"column":5}},"line":243},"28":{"name":"(anonymous_28)","decl":{"start":{"line":257,"column":46},"end":{"line":257,"column":47}},"loc":{"start":{"line":258,"column":6},"end":{"line":258,"column":46}},"line":258},"29":{"name":"(anonymous_29)","decl":{"start":{"line":258,"column":17},"end":{"line":258,"column":18}},"loc":{"start":{"line":258,"column":22},"end":{"line":258,"column":45}},"line":258},"30":{"name":"(anonymous_30)","decl":{"start":{"line":264,"column":37},"end":{"line":264,"column":38}},"loc":{"start":{"line":264,"column":43},"end":{"line":271,"column":5}},"line":264},"31":{"name":"(anonymous_31)","decl":{"start":{"line":265,"column":35},"end":{"line":265,"column":36}},"loc":{"start":{"line":265,"column":40},"end":{"line":265,"column":73}},"line":265},"32":{"name":"(anonymous_32)","decl":{"start":{"line":267,"column":27},"end":{"line":267,"column":28}},"loc":{"start":{"line":267,"column":34},"end":{"line":269,"column":7}},"line":267},"33":{"name":"(anonymous_33)","decl":{"start":{"line":268,"column":36},"end":{"line":268,"column":37}},"loc":{"start":{"line":268,"column":41},"end":{"line":268,"column":62}},"line":268},"34":{"name":"(anonymous_34)","decl":{"start":{"line":274,"column":42},"end":{"line":274,"column":43}},"loc":{"start":{"line":274,"column":49},"end":{"line":283,"column":5}},"line":274},"35":{"name":"(anonymous_35)","decl":{"start":{"line":276,"column":22},"end":{"line":276,"column":23}},"loc":{"start":{"line":276,"column":28},"end":{"line":281,"column":7}},"line":276},"36":{"name":"(anonymous_36)","decl":{"start":{"line":278,"column":18},"end":{"line":278,"column":19}},"loc":{"start":{"line":278,"column":23},"end":{"line":278,"column":71}},"line":278},"37":{"name":"(anonymous_37)","decl":{"start":{"line":279,"column":18},"end":{"line":279,"column":19}},"loc":{"start":{"line":279,"column":28},"end":{"line":279,"column":64}},"line":279},"38":{"name":"(anonymous_38)","decl":{"start":{"line":285,"column":53},"end":{"line":285,"column":54}},"loc":{"start":{"line":286,"column":6},"end":{"line":286,"column":44}},"line":286},"39":{"name":"(anonymous_39)","decl":{"start":{"line":286,"column":33},"end":{"line":286,"column":34}},"loc":{"start":{"line":286,"column":38},"end":{"line":286,"column":43}},"line":286},"40":{"name":"(anonymous_40)","decl":{"start":{"line":291,"column":42},"end":{"line":291,"column":43}},"loc":{"start":{"line":291,"column":49},"end":{"line":300,"column":5}},"line":291},"41":{"name":"(anonymous_41)","decl":{"start":{"line":293,"column":22},"end":{"line":293,"column":23}},"loc":{"start":{"line":293,"column":28},"end":{"line":298,"column":7}},"line":293},"42":{"name":"(anonymous_42)","decl":{"start":{"line":295,"column":18},"end":{"line":295,"column":19}},"loc":{"start":{"line":295,"column":23},"end":{"line":295,"column":71}},"line":295},"43":{"name":"(anonymous_43)","decl":{"start":{"line":296,"column":18},"end":{"line":296,"column":19}},"loc":{"start":{"line":296,"column":28},"end":{"line":296,"column":64}},"line":296},"44":{"name":"(anonymous_44)","decl":{"start":{"line":303,"column":34},"end":{"line":303,"column":35}},"loc":{"start":{"line":303,"column":44},"end":{"line":303,"column":80}},"line":303},"45":{"name":"(anonymous_45)","decl":{"start":{"line":305,"column":40},"end":{"line":305,"column":41}},"loc":{"start":{"line":305,"column":45},"end":{"line":305,"column":51}},"line":305}},"branchMap":{"0":{"loc":{"start":{"line":35,"column":54},"end":{"line":35,"column":63}},"type":"binary-expr","locations":[{"start":{"line":35,"column":54},"end":{"line":35,"column":58}},{"start":{"line":35,"column":62},"end":{"line":35,"column":63}}],"line":35},"1":{"loc":{"start":{"line":45,"column":4},"end":{"line":45,"column":71}},"type":"if","locations":[{"start":{"line":45,"column":4},"end":{"line":45,"column":71}},{"start":{},"end":{}}],"line":45},"2":{"loc":{"start":{"line":46,"column":11},"end":{"line":46,"column":49}},"type":"cond-expr","locations":[{"start":{"line":46,"column":25},"end":{"line":46,"column":34}},{"start":{"line":46,"column":37},"end":{"line":46,"column":49}}],"line":46},"3":{"loc":{"start":{"line":52,"column":7},"end":{"line":52,"column":118}},"type":"binary-expr","locations":[{"start":{"line":52,"column":7},"end":{"line":52,"column":15}},{"start":{"line":52,"column":19},"end":{"line":52,"column":118}}],"line":52},"4":{"loc":{"start":{"line":58,"column":90},"end":{"line":58,"column":114}},"type":"binary-expr","locations":[{"start":{"line":58,"column":90},"end":{"line":58,"column":101}},{"start":{"line":58,"column":105},"end":{"line":58,"column":114}}],"line":58},"5":{"loc":{"start":{"line":88,"column":30},"end":{"line":88,"column":43}},"type":"binary-expr","locations":[{"start":{"line":88,"column":30},"end":{"line":88,"column":38}},{"start":{"line":88,"column":42},"end":{"line":88,"column":43}}],"line":88},"6":{"loc":{"start":{"line":89,"column":31},"end":{"line":89,"column":71}},"type":"cond-expr","locations":[{"start":{"line":89,"column":44},"end":{"line":89,"column":67}},{"start":{"line":89,"column":70},"end":{"line":89,"column":71}}],"line":89},"7":{"loc":{"start":{"line":94,"column":73},"end":{"line":94,"column":97}},"type":"binary-expr","locations":[{"start":{"line":94,"column":73},"end":{"line":94,"column":84}},{"start":{"line":94,"column":88},"end":{"line":94,"column":97}}],"line":94},"8":{"loc":{"start":{"line":97,"column":23},"end":{"line":99,"column":23}},"type":"binary-expr","locations":[{"start":{"line":97,"column":23},"end":{"line":97,"column":30}},{"start":{"line":97,"column":34},"end":{"line":97,"column":43}},{"start":{"line":98,"column":24},"end":{"line":98,"column":139}}],"line":97},"9":{"loc":{"start":{"line":123,"column":56},"end":{"line":123,"column":71}},"type":"binary-expr","locations":[{"start":{"line":123,"column":56},"end":{"line":123,"column":66}},{"start":{"line":123,"column":70},"end":{"line":123,"column":71}}],"line":123},"10":{"loc":{"start":{"line":130,"column":4},"end":{"line":130,"column":55}},"type":"if","locations":[{"start":{"line":130,"column":4},"end":{"line":130,"column":55}},{"start":{},"end":{}}],"line":130},"11":{"loc":{"start":{"line":138,"column":7},"end":{"line":138,"column":118}},"type":"binary-expr","locations":[{"start":{"line":138,"column":7},"end":{"line":138,"column":15}},{"start":{"line":138,"column":19},"end":{"line":138,"column":118}}],"line":138},"12":{"loc":{"start":{"line":144,"column":68},"end":{"line":144,"column":98}},"type":"binary-expr","locations":[{"start":{"line":144,"column":68},"end":{"line":144,"column":85}},{"start":{"line":144,"column":89},"end":{"line":144,"column":98}}],"line":144},"13":{"loc":{"start":{"line":170,"column":39},"end":{"line":170,"column":65}},"type":"cond-expr","locations":[{"start":{"line":170,"column":60},"end":{"line":170,"column":61}},{"start":{"line":170,"column":64},"end":{"line":170,"column":65}}],"line":170},"14":{"loc":{"start":{"line":170,"column":70},"end":{"line":170,"column":96}},"type":"cond-expr","locations":[{"start":{"line":170,"column":91},"end":{"line":170,"column":92}},{"start":{"line":170,"column":95},"end":{"line":170,"column":96}}],"line":170},"15":{"loc":{"start":{"line":171,"column":66},"end":{"line":171,"column":81}},"type":"binary-expr","locations":[{"start":{"line":171,"column":66},"end":{"line":171,"column":76}},{"start":{"line":171,"column":80},"end":{"line":171,"column":81}}],"line":171},"16":{"loc":{"start":{"line":175,"column":59},"end":{"line":175,"column":89}},"type":"binary-expr","locations":[{"start":{"line":175,"column":59},"end":{"line":175,"column":76}},{"start":{"line":175,"column":80},"end":{"line":175,"column":89}}],"line":175},"17":{"loc":{"start":{"line":175,"column":104},"end":{"line":175,"column":120}},"type":"cond-expr","locations":[{"start":{"line":175,"column":115},"end":{"line":175,"column":116}},{"start":{"line":175,"column":119},"end":{"line":175,"column":120}}],"line":175},"18":{"loc":{"start":{"line":175,"column":139},"end":{"line":175,"column":170}},"type":"binary-expr","locations":[{"start":{"line":175,"column":139},"end":{"line":175,"column":157}},{"start":{"line":175,"column":161},"end":{"line":175,"column":170}}],"line":175},"19":{"loc":{"start":{"line":177,"column":30},"end":{"line":177,"column":45}},"type":"binary-expr","locations":[{"start":{"line":177,"column":30},"end":{"line":177,"column":40}},{"start":{"line":177,"column":44},"end":{"line":177,"column":45}}],"line":177},"20":{"loc":{"start":{"line":180,"column":70},"end":{"line":180,"column":100}},"type":"binary-expr","locations":[{"start":{"line":180,"column":70},"end":{"line":180,"column":87}},{"start":{"line":180,"column":91},"end":{"line":180,"column":100}}],"line":180},"21":{"loc":{"start":{"line":200,"column":31},"end":{"line":200,"column":51}},"type":"default-arg","locations":[{"start":{"line":200,"column":47},"end":{"line":200,"column":51}}],"line":200},"22":{"loc":{"start":{"line":201,"column":37},"end":{"line":201,"column":56}},"type":"binary-expr","locations":[{"start":{"line":201,"column":37},"end":{"line":201,"column":50}},{"start":{"line":201,"column":54},"end":{"line":201,"column":56}}],"line":201},"23":{"loc":{"start":{"line":206,"column":4},"end":{"line":211,"column":5}},"type":"if","locations":[{"start":{"line":206,"column":4},"end":{"line":211,"column":5}},{"start":{},"end":{}}],"line":206},"24":{"loc":{"start":{"line":216,"column":8},"end":{"line":216,"column":58}},"type":"if","locations":[{"start":{"line":216,"column":8},"end":{"line":216,"column":58}},{"start":{},"end":{}}],"line":216},"25":{"loc":{"start":{"line":217,"column":28},"end":{"line":217,"column":63}},"type":"binary-expr","locations":[{"start":{"line":217,"column":28},"end":{"line":217,"column":57}},{"start":{"line":217,"column":61},"end":{"line":217,"column":63}}],"line":217},"26":{"loc":{"start":{"line":218,"column":8},"end":{"line":220,"column":9}},"type":"if","locations":[{"start":{"line":218,"column":8},"end":{"line":220,"column":9}},{"start":{},"end":{}}],"line":218},"27":{"loc":{"start":{"line":236,"column":24},"end":{"line":236,"column":47}},"type":"binary-expr","locations":[{"start":{"line":236,"column":24},"end":{"line":236,"column":41}},{"start":{"line":236,"column":45},"end":{"line":236,"column":47}}],"line":236},"28":{"loc":{"start":{"line":238,"column":8},"end":{"line":238,"column":57}},"type":"if","locations":[{"start":{"line":238,"column":8},"end":{"line":238,"column":57}},{"start":{},"end":{}}],"line":238},"29":{"loc":{"start":{"line":244,"column":6},"end":{"line":248,"column":7}},"type":"if","locations":[{"start":{"line":244,"column":6},"end":{"line":248,"column":7}},{"start":{},"end":{}}],"line":244},"30":{"loc":{"start":{"line":246,"column":21},"end":{"line":246,"column":102}},"type":"cond-expr","locations":[{"start":{"line":246,"column":69},"end":{"line":246,"column":78}},{"start":{"line":246,"column":81},"end":{"line":246,"column":102}}],"line":246},"31":{"loc":{"start":{"line":247,"column":8},"end":{"line":247,"column":55}},"type":"if","locations":[{"start":{"line":247,"column":8},"end":{"line":247,"column":55}},{"start":{},"end":{}}],"line":247},"32":{"loc":{"start":{"line":249,"column":20},"end":{"line":249,"column":85}},"type":"binary-expr","locations":[{"start":{"line":249,"column":20},"end":{"line":249,"column":36}},{"start":{"line":249,"column":40},"end":{"line":249,"column":56}},{"start":{"line":249,"column":60},"end":{"line":249,"column":79}},{"start":{"line":249,"column":83},"end":{"line":249,"column":85}}],"line":249},"33":{"loc":{"start":{"line":251,"column":8},"end":{"line":251,"column":55}},"type":"if","locations":[{"start":{"line":251,"column":8},"end":{"line":251,"column":55}},{"start":{},"end":{}}],"line":251},"34":{"loc":{"start":{"line":260,"column":20},"end":{"line":260,"column":71}},"type":"cond-expr","locations":[{"start":{"line":260,"column":45},"end":{"line":260,"column":56}},{"start":{"line":260,"column":59},"end":{"line":260,"column":71}}],"line":260},"35":{"loc":{"start":{"line":265,"column":40},"end":{"line":265,"column":73}},"type":"binary-expr","locations":[{"start":{"line":265,"column":40},"end":{"line":265,"column":63}},{"start":{"line":265,"column":67},"end":{"line":265,"column":73}}],"line":265},"36":{"loc":{"start":{"line":278,"column":23},"end":{"line":278,"column":71}},"type":"binary-expr","locations":[{"start":{"line":278,"column":23},"end":{"line":278,"column":46}},{"start":{"line":278,"column":50},"end":{"line":278,"column":71}}],"line":278},"37":{"loc":{"start":{"line":279,"column":33},"end":{"line":279,"column":63}},"type":"binary-expr","locations":[{"start":{"line":279,"column":33},"end":{"line":279,"column":58}},{"start":{"line":279,"column":62},"end":{"line":279,"column":63}}],"line":279},"38":{"loc":{"start":{"line":295,"column":23},"end":{"line":295,"column":71}},"type":"binary-expr","locations":[{"start":{"line":295,"column":23},"end":{"line":295,"column":46}},{"start":{"line":295,"column":50},"end":{"line":295,"column":71}}],"line":295},"39":{"loc":{"start":{"line":296,"column":33},"end":{"line":296,"column":63}},"type":"binary-expr","locations":[{"start":{"line":296,"column":33},"end":{"line":296,"column":58}},{"start":{"line":296,"column":62},"end":{"line":296,"column":63}}],"line":296},"40":{"loc":{"start":{"line":303,"column":49},"end":{"line":303,"column":79}},"type":"binary-expr","locations":[{"start":{"line":303,"column":49},"end":{"line":303,"column":74}},{"start":{"line":303,"column":78},"end":{"line":303,"column":79}}],"line":303},"41":{"loc":{"start":{"line":310,"column":2},"end":{"line":310,"column":110}},"type":"if","locations":[{"start":{"line":310,"column":2},"end":{"line":310,"column":110}},{"start":{},"end":{}}],"line":310},"42":{"loc":{"start":{"line":311,"column":2},"end":{"line":311,"column":103}},"type":"if","locations":[{"start":{"line":311,"column":2},"end":{"line":311,"column":103}},{"start":{},"end":{}}],"line":311}},"s":{"0":1,"1":1,"2":1,"3":1,"4":1,"5":1,"6":2,"7":7,"8":20,"9":2,"10":2,"11":2,"12":2,"13":2,"14":2,"15":2,"16":37,"17":19,"18":18,"19":2,"20":7,"21":10,"22":10,"23":10,"24":7,"25":7,"26":20,"27":20,"28":20,"29":20,"30":20,"31":1,"32":3,"33":6,"34":1,"35":1,"36":1,"37":1,"38":1,"39":1,"40":1,"41":14,"42":0,"43":14,"44":12,"45":1,"46":3,"47":5,"48":5,"49":3,"50":3,"51":6,"52":3,"53":3,"54":6,"55":6,"56":2,"57":3,"58":3,"59":3,"60":3,"61":1,"62":0,"63":0,"64":0,"65":0,"66":1,"67":1,"68":1,"69":0,"70":1,"71":1,"72":0,"73":1,"74":1,"75":1,"76":0,"77":0,"78":0,"79":3,"80":55,"81":55,"82":180,"83":55,"84":0,"85":108,"86":108,"87":108,"88":108,"89":108,"90":0,"91":0,"92":0,"93":0,"94":0,"95":2,"96":12,"97":20,"98":2,"99":2,"100":3,"101":8,"102":3,"103":3,"104":15,"105":15,"106":3,"107":2,"108":10,"109":10,"110":15,"111":40,"112":4,"113":15,"114":10,"115":2,"116":10,"117":13,"118":2,"119":10,"120":10,"121":15,"122":40,"123":4,"124":15,"125":10,"126":2,"127":4,"128":2,"129":2,"130":4,"131":2,"132":3,"133":2,"134":1,"135":0,"136":1},"f":{"0":2,"1":7,"2":20,"3":37,"4":7,"5":10,"6":7,"7":20,"8":1,"9":3,"10":6,"11":14,"12":12,"13":3,"14":5,"15":3,"16":3,"17":6,"18":6,"19":2,"20":3,"21":1,"22":1,"23":1,"24":0,"25":2,"26":55,"27":108,"28":12,"29":20,"30":3,"31":8,"32":15,"33":15,"34":10,"35":15,"36":40,"37":4,"38":10,"39":13,"40":10,"41":15,"42":40,"43":4,"44":4,"45":4},"b":{"0":[20,13],"1":[19,18],"2":[15,3],"3":[2,2],"4":[7,0],"5":[20,13],"6":[20,0],"7":[20,0],"8":[20,7,7],"9":[6,2],"10":[0,14],"11":[1,1],"12":[3,0],"13":[2,1],"14":[2,1],"15":[6,2],"16":[3,0],"17":[2,1],"18":[3,1],"19":[6,2],"20":[6,0],"21":[3],"22":[3,3],"23":[0,1],"24":[0,1],"25":[1,0],"26":[0,1],"27":[55,0],"28":[55,125],"29":[108,0],"30":[108,0],"31":[108,0],"32":[0,0,0,0],"33":[0,0],"34":[1,1],"35":[8,4],"36":[40,20],"37":[4,0],"38":[40,20],"39":[4,0],"40":[4,0],"41":[2,1],"42":[0,1]},"_coverageSchema":"1a1c01bbd47fc00a2c39e90264f33305004495a9","hash":"eed253be7323724114009812c88673abd448a76e"}
,"/Users/fjimenez/Documents/6to/coqui-bot/backend/src/main/frontend/src/components/PriorityBadge.js": {"path":"/Users/fjimenez/Documents/6to/coqui-bot/backend/src/main/frontend/src/components/PriorityBadge.js","statementMap":{"0":{"start":{"line":3,"column":27},"end":{"line":10,"column":1}},"1":{"start":{"line":13,"column":2},"end":{"line":13,"column":52}},"2":{"start":{"line":17,"column":21},"end":{"line":17,"column":48}},"3":{"start":{"line":18,"column":18},"end":{"line":18,"column":60}},"4":{"start":{"line":19,"column":2},"end":{"line":19,"column":75}}},"fnMap":{"0":{"name":"normalizePriority","decl":{"start":{"line":12,"column":9},"end":{"line":12,"column":26}},"loc":{"start":{"line":12,"column":37},"end":{"line":14,"column":1}},"line":12},"1":{"name":"PriorityBadge","decl":{"start":{"line":16,"column":9},"end":{"line":16,"column":22}},"loc":{"start":{"line":16,"column":37},"end":{"line":20,"column":1}},"line":16}},"branchMap":{"0":{"loc":{"start":{"line":13,"column":10},"end":{"line":13,"column":29}},"type":"binary-expr","locations":[{"start":{"line":13,"column":10},"end":{"line":13,"column":18}},{"start":{"line":13,"column":22},"end":{"line":13,"column":29}}],"line":13},"1":{"loc":{"start":{"line":18,"column":18},"end":{"line":18,"column":60}},"type":"binary-expr","locations":[{"start":{"line":18,"column":18},"end":{"line":18,"column":48}},{"start":{"line":18,"column":52},"end":{"line":18,"column":60}}],"line":18}},"s":{"0":7,"1":8,"2":8,"3":8,"4":8},"f":{"0":8,"1":8},"b":{"0":[8,0],"1":[8,0]},"_coverageSchema":"1a1c01bbd47fc00a2c39e90264f33305004495a9","hash":"9a8bb3c2fdd7ab3d09cf7649504daf8eb87b4f7c"}
,"/Users/fjimenez/Documents/6to/coqui-bot/backend/src/main/frontend/src/components/StatusBadge.js": {"path":"/Users/fjimenez/Documents/6to/coqui-bot/backend/src/main/frontend/src/components/StatusBadge.js","statementMap":{"0":{"start":{"line":3,"column":25},"end":{"line":10,"column":1}},"1":{"start":{"line":13,"column":2},"end":{"line":15,"column":3}},"2":{"start":{"line":14,"column":4},"end":{"line":14,"column":24}},"3":{"start":{"line":16,"column":21},"end":{"line":16,"column":79}},"4":{"start":{"line":17,"column":2},"end":{"line":17,"column":20}},"5":{"start":{"line":21,"column":21},"end":{"line":21,"column":50}},"6":{"start":{"line":22,"column":18},"end":{"line":22,"column":59}},"7":{"start":{"line":23,"column":16},"end":{"line":23,"column":45}},"8":{"start":{"line":25,"column":2},"end":{"line":25,"column":68}}},"fnMap":{"0":{"name":"normalizeStatus","decl":{"start":{"line":12,"column":9},"end":{"line":12,"column":24}},"loc":{"start":{"line":12,"column":39},"end":{"line":18,"column":1}},"line":12},"1":{"name":"StatusBadge","decl":{"start":{"line":20,"column":9},"end":{"line":20,"column":20}},"loc":{"start":{"line":20,"column":39},"end":{"line":26,"column":1}},"line":20}},"branchMap":{"0":{"loc":{"start":{"line":13,"column":2},"end":{"line":15,"column":3}},"type":"if","locations":[{"start":{"line":13,"column":2},"end":{"line":15,"column":3}},{"start":{},"end":{}}],"line":13},"1":{"loc":{"start":{"line":16,"column":22},"end":{"line":16,"column":43}},"type":"binary-expr","locations":[{"start":{"line":16,"column":22},"end":{"line":16,"column":28}},{"start":{"line":16,"column":32},"end":{"line":16,"column":43}}],"line":16},"2":{"loc":{"start":{"line":22,"column":18},"end":{"line":22,"column":59}},"type":"binary-expr","locations":[{"start":{"line":22,"column":18},"end":{"line":22,"column":46}},{"start":{"line":22,"column":50},"end":{"line":22,"column":59}}],"line":22}},"s":{"0":7,"1":8,"2":1,"3":7,"4":7,"5":8,"6":8,"7":8,"8":8},"f":{"0":8,"1":8},"b":{"0":[1,7],"1":[7,0],"2":[8,4]},"_coverageSchema":"1a1c01bbd47fc00a2c39e90264f33305004495a9","hash":"60e6b811da34e2df33a7cf6cd88b86b8896ddb82"}
,"/Users/fjimenez/Documents/6to/coqui-bot/backend/src/main/frontend/src/components/SummaryCards.js": {"path":"/Users/fjimenez/Documents/6to/coqui-bot/backend/src/main/frontend/src/components/SummaryCards.js","statementMap":{"0":{"start":{"line":4,"column":16},"end":{"line":9,"column":3}},"1":{"start":{"line":11,"column":2},"end":{"line":26,"column":4}},"2":{"start":{"line":14,"column":8},"end":{"line":23,"column":18}}},"fnMap":{"0":{"name":"SummaryCards","decl":{"start":{"line":3,"column":9},"end":{"line":3,"column":21}},"loc":{"start":{"line":3,"column":42},"end":{"line":27,"column":1}},"line":3},"1":{"name":"(anonymous_1)","decl":{"start":{"line":13,"column":17},"end":{"line":13,"column":18}},"loc":{"start":{"line":14,"column":8},"end":{"line":23,"column":18}},"line":14}},"branchMap":{"0":{"loc":{"start":{"line":4,"column":16},"end":{"line":9,"column":3}},"type":"binary-expr","locations":[{"start":{"line":4,"column":16},"end":{"line":4,"column":21}},{"start":{"line":4,"column":25},"end":{"line":9,"column":3}}],"line":4},"1":{"loc":{"start":{"line":18,"column":44},"end":{"line":18,"column":82}},"type":"binary-expr","locations":[{"start":{"line":18,"column":44},"end":{"line":18,"column":54}},{"start":{"line":18,"column":58},"end":{"line":18,"column":77}},{"start":{"line":18,"column":81},"end":{"line":18,"column":82}}],"line":18},"2":{"loc":{"start":{"line":19,"column":15},"end":{"line":19,"column":77}},"type":"binary-expr","locations":[{"start":{"line":19,"column":15},"end":{"line":19,"column":26}},{"start":{"line":19,"column":30},"end":{"line":19,"column":77}}],"line":19},"3":{"loc":{"start":{"line":21,"column":13},"end":{"line":21,"column":88}},"type":"binary-expr","locations":[{"start":{"line":21,"column":13},"end":{"line":21,"column":22}},{"start":{"line":21,"column":26},"end":{"line":21,"column":88}}],"line":21}},"s":{"0":10,"1":10,"2":40},"f":{"0":10,"1":40},"b":{"0":[10,0],"1":[40,40,0],"2":[40,40],"3":[40,40]},"_coverageSchema":"1a1c01bbd47fc00a2c39e90264f33305004495a9","hash":"e7b0dcdd2b155ba9a9358a2fc9a9d1e195c4b7f5"}
,"/Users/fjimenez/Documents/6to/coqui-bot/backend/src/main/frontend/src/components/TaskComposer.js": {"path":"/Users/fjimenez/Documents/6to/coqui-bot/backend/src/main/frontend/src/components/TaskComposer.js","statementMap":{"0":{"start":{"line":3,"column":17},"end":{"line":9,"column":1}},"1":{"start":{"line":11,"column":16},"end":{"line":11,"column":88}},"2":{"start":{"line":14,"column":20},"end":{"line":14,"column":49}},"3":{"start":{"line":15,"column":25},"end":{"line":18,"column":4}},"4":{"start":{"line":16,"column":4},"end":{"line":16,"column":65}},"5":{"start":{"line":16,"column":26},"end":{"line":16,"column":65}},"6":{"start":{"line":17,"column":4},"end":{"line":17,"column":78}},"7":{"start":{"line":19,"column":20},"end":{"line":19,"column":70}},"8":{"start":{"line":20,"column":2},"end":{"line":20,"column":38}},"9":{"start":{"line":24,"column":30},"end":{"line":24,"column":42}},"10":{"start":{"line":25,"column":40},"end":{"line":25,"column":52}},"11":{"start":{"line":26,"column":36},"end":{"line":26,"column":53}},"12":{"start":{"line":27,"column":30},"end":{"line":27,"column":50}},"13":{"start":{"line":28,"column":40},"end":{"line":28,"column":52}},"14":{"start":{"line":29,"column":46},"end":{"line":29,"column":58}},"15":{"start":{"line":30,"column":36},"end":{"line":30,"column":48}},"16":{"start":{"line":32,"column":20},"end":{"line":32,"column":56}},"17":{"start":{"line":35,"column":4},"end":{"line":35,"column":89}},"18":{"start":{"line":35,"column":25},"end":{"line":35,"column":87}},"19":{"start":{"line":35,"column":62},"end":{"line":35,"column":70}},"20":{"start":{"line":39,"column":4},"end":{"line":39,"column":23}},"21":{"start":{"line":40,"column":4},"end":{"line":40,"column":46}},"22":{"start":{"line":40,"column":39},"end":{"line":40,"column":46}},"23":{"start":{"line":42,"column":29},"end":{"line":45,"column":17}},"24":{"start":{"line":43,"column":19},"end":{"line":43,"column":43}},"25":{"start":{"line":44,"column":16},"end":{"line":44,"column":22}},"26":{"start":{"line":47,"column":19},"end":{"line":47,"column":55}},"27":{"start":{"line":49,"column":20},"end":{"line":61,"column":5}},"28":{"start":{"line":63,"column":4},"end":{"line":63,"column":23}},"29":{"start":{"line":64,"column":4},"end":{"line":64,"column":18}},"30":{"start":{"line":65,"column":4},"end":{"line":65,"column":23}},"31":{"start":{"line":66,"column":4},"end":{"line":66,"column":26}},"32":{"start":{"line":67,"column":4},"end":{"line":67,"column":23}},"33":{"start":{"line":68,"column":4},"end":{"line":68,"column":26}},"34":{"start":{"line":69,"column":4},"end":{"line":69,"column":21}},"35":{"start":{"line":72,"column":2},"end":{"line":195,"column":4}},"36":{"start":{"line":94,"column":29},"end":{"line":94,"column":54}},"37":{"start":{"line":107,"column":29},"end":{"line":107,"column":59}},"38":{"start":{"line":115,"column":67},"end":{"line":115,"column":92}},"39":{"start":{"line":116,"column":30},"end":{"line":116,"column":68}},"40":{"start":{"line":122,"column":73},"end":{"line":122,"column":101}},"41":{"start":{"line":135,"column":29},"end":{"line":135,"column":59}},"42":{"start":{"line":147,"column":29},"end":{"line":147,"column":62}},"43":{"start":{"line":158,"column":26},"end":{"line":158,"column":50}},"44":{"start":{"line":159,"column":14},"end":{"line":175,"column":16}},"45":{"start":{"line":163,"column":33},"end":{"line":163,"column":52}},"46":{"start":{"line":180,"column":48},"end":{"line":180,"column":72}},"47":{"start":{"line":180,"column":83},"end":{"line":180,"column":89}}},"fnMap":{"0":{"name":"generarTaskId","decl":{"start":{"line":13,"column":9},"end":{"line":13,"column":22}},"loc":{"start":{"line":13,"column":49},"end":{"line":21,"column":1}},"line":13},"1":{"name":"(anonymous_1)","decl":{"start":{"line":15,"column":49},"end":{"line":15,"column":50}},"loc":{"start":{"line":15,"column":54},"end":{"line":18,"column":3}},"line":15},"2":{"name":"TaskComposer","decl":{"start":{"line":23,"column":9},"end":{"line":23,"column":21}},"loc":{"start":{"line":23,"column":70},"end":{"line":196,"column":1}},"line":23},"3":{"name":"toggleMiembro","decl":{"start":{"line":34,"column":11},"end":{"line":34,"column":24}},"loc":{"start":{"line":34,"column":29},"end":{"line":36,"column":3}},"line":34},"4":{"name":"(anonymous_4)","decl":{"start":{"line":35,"column":17},"end":{"line":35,"column":18}},"loc":{"start":{"line":35,"column":25},"end":{"line":35,"column":87}},"line":35},"5":{"name":"(anonymous_5)","decl":{"start":{"line":35,"column":57},"end":{"line":35,"column":58}},"loc":{"start":{"line":35,"column":62},"end":{"line":35,"column":70}},"line":35},"6":{"name":"handleSubmit","decl":{"start":{"line":38,"column":11},"end":{"line":38,"column":23}},"loc":{"start":{"line":38,"column":27},"end":{"line":70,"column":3}},"line":38},"7":{"name":"(anonymous_7)","decl":{"start":{"line":43,"column":14},"end":{"line":43,"column":15}},"loc":{"start":{"line":43,"column":19},"end":{"line":43,"column":43}},"line":43},"8":{"name":"(anonymous_8)","decl":{"start":{"line":44,"column":11},"end":{"line":44,"column":12}},"loc":{"start":{"line":44,"column":16},"end":{"line":44,"column":22}},"line":44},"9":{"name":"(anonymous_9)","decl":{"start":{"line":94,"column":22},"end":{"line":94,"column":23}},"loc":{"start":{"line":94,"column":29},"end":{"line":94,"column":54}},"line":94},"10":{"name":"(anonymous_10)","decl":{"start":{"line":107,"column":22},"end":{"line":107,"column":23}},"loc":{"start":{"line":107,"column":29},"end":{"line":107,"column":59}},"line":107},"11":{"name":"(anonymous_11)","decl":{"start":{"line":115,"column":60},"end":{"line":115,"column":61}},"loc":{"start":{"line":115,"column":67},"end":{"line":115,"column":92}},"line":115},"12":{"name":"(anonymous_12)","decl":{"start":{"line":116,"column":25},"end":{"line":116,"column":26}},"loc":{"start":{"line":116,"column":30},"end":{"line":116,"column":68}},"line":116},"13":{"name":"(anonymous_13)","decl":{"start":{"line":122,"column":66},"end":{"line":122,"column":67}},"loc":{"start":{"line":122,"column":73},"end":{"line":122,"column":101}},"line":122},"14":{"name":"(anonymous_14)","decl":{"start":{"line":135,"column":22},"end":{"line":135,"column":23}},"loc":{"start":{"line":135,"column":29},"end":{"line":135,"column":59}},"line":135},"15":{"name":"(anonymous_15)","decl":{"start":{"line":147,"column":22},"end":{"line":147,"column":23}},"loc":{"start":{"line":147,"column":29},"end":{"line":147,"column":62}},"line":147},"16":{"name":"(anonymous_16)","decl":{"start":{"line":157,"column":26},"end":{"line":157,"column":27}},"loc":{"start":{"line":157,"column":33},"end":{"line":176,"column":13}},"line":157},"17":{"name":"(anonymous_17)","decl":{"start":{"line":163,"column":27},"end":{"line":163,"column":28}},"loc":{"start":{"line":163,"column":33},"end":{"line":163,"column":52}},"line":163},"18":{"name":"(anonymous_18)","decl":{"start":{"line":180,"column":43},"end":{"line":180,"column":44}},"loc":{"start":{"line":180,"column":48},"end":{"line":180,"column":72}},"line":180},"19":{"name":"(anonymous_19)","decl":{"start":{"line":180,"column":78},"end":{"line":180,"column":79}},"loc":{"start":{"line":180,"column":83},"end":{"line":180,"column":89}},"line":180}},"branchMap":{"0":{"loc":{"start":{"line":16,"column":4},"end":{"line":16,"column":65}},"type":"if","locations":[{"start":{"line":16,"column":4},"end":{"line":16,"column":65}},{"start":{},"end":{}}],"line":16},"1":{"loc":{"start":{"line":17,"column":12},"end":{"line":17,"column":31}},"type":"binary-expr","locations":[{"start":{"line":17,"column":12},"end":{"line":17,"column":25}},{"start":{"line":17,"column":29},"end":{"line":17,"column":31}}],"line":17},"2":{"loc":{"start":{"line":23,"column":48},"end":{"line":23,"column":66}},"type":"default-arg","locations":[{"start":{"line":23,"column":64},"end":{"line":23,"column":66}}],"line":23},"3":{"loc":{"start":{"line":35,"column":25},"end":{"line":35,"column":87}},"type":"cond-expr","locations":[{"start":{"line":35,"column":45},"end":{"line":35,"column":71}},{"start":{"line":35,"column":74},"end":{"line":35,"column":87}}],"line":35},"4":{"loc":{"start":{"line":40,"column":4},"end":{"line":40,"column":46}},"type":"if","locations":[{"start":{"line":40,"column":4},"end":{"line":40,"column":46}},{"start":{},"end":{}}],"line":40},"5":{"loc":{"start":{"line":40,"column":8},"end":{"line":40,"column":37}},"type":"binary-expr","locations":[{"start":{"line":40,"column":8},"end":{"line":40,"column":22}},{"start":{"line":40,"column":26},"end":{"line":40,"column":37}}],"line":40},"6":{"loc":{"start":{"line":52,"column":19},"end":{"line":52,"column":54}},"type":"binary-expr","locations":[{"start":{"line":52,"column":19},"end":{"line":52,"column":37}},{"start":{"line":52,"column":41},"end":{"line":52,"column":54}}],"line":52},"7":{"loc":{"start":{"line":56,"column":19},"end":{"line":56,"column":66}},"type":"cond-expr","locations":[{"start":{"line":56,"column":33},"end":{"line":56,"column":59}},{"start":{"line":56,"column":62},"end":{"line":56,"column":66}}],"line":56},"8":{"loc":{"start":{"line":57,"column":22},"end":{"line":57,"column":69}},"type":"cond-expr","locations":[{"start":{"line":57,"column":39},"end":{"line":57,"column":65}},{"start":{"line":57,"column":68},"end":{"line":57,"column":69}}],"line":57},"9":{"loc":{"start":{"line":60,"column":20},"end":{"line":60,"column":53}},"type":"binary-expr","locations":[{"start":{"line":60,"column":20},"end":{"line":60,"column":36}},{"start":{"line":60,"column":40},"end":{"line":60,"column":53}}],"line":60},"10":{"loc":{"start":{"line":166,"column":28},"end":{"line":166,"column":102}},"type":"cond-expr","locations":[{"start":{"line":166,"column":34},"end":{"line":166,"column":66}},{"start":{"line":166,"column":69},"end":{"line":166,"column":102}}],"line":166},"11":{"loc":{"start":{"line":167,"column":32},"end":{"line":167,"column":86}},"type":"cond-expr","locations":[{"start":{"line":167,"column":38},"end":{"line":167,"column":63}},{"start":{"line":167,"column":66},"end":{"line":167,"column":86}}],"line":167},"12":{"loc":{"start":{"line":168,"column":27},"end":{"line":168,"column":81}},"type":"cond-expr","locations":[{"start":{"line":168,"column":33},"end":{"line":168,"column":55}},{"start":{"line":168,"column":58},"end":{"line":168,"column":81}}],"line":168},"13":{"loc":{"start":{"line":170,"column":32},"end":{"line":170,"column":47}},"type":"cond-expr","locations":[{"start":{"line":170,"column":38},"end":{"line":170,"column":41}},{"start":{"line":170,"column":44},"end":{"line":170,"column":47}}],"line":170},"14":{"loc":{"start":{"line":173,"column":19},"end":{"line":173,"column":34}},"type":"cond-expr","locations":[{"start":{"line":173,"column":25},"end":{"line":173,"column":29}},{"start":{"line":173,"column":32},"end":{"line":173,"column":34}}],"line":173},"15":{"loc":{"start":{"line":178,"column":11},"end":{"line":182,"column":11}},"type":"binary-expr","locations":[{"start":{"line":178,"column":11},"end":{"line":178,"column":31}},{"start":{"line":179,"column":12},"end":{"line":181,"column":16}}],"line":178},"16":{"loc":{"start":{"line":191,"column":11},"end":{"line":191,"column":72}},"type":"cond-expr","locations":[{"start":{"line":191,"column":25},"end":{"line":191,"column":39}},{"start":{"line":191,"column":42},"end":{"line":191,"column":72}}],"line":191}},"s":{"0":1,"1":1,"2":0,"3":0,"4":0,"5":0,"6":0,"7":0,"8":0,"9":0,"10":0,"11":0,"12":0,"13":0,"14":0,"15":0,"16":0,"17":0,"18":0,"19":0,"20":0,"21":0,"22":0,"23":0,"24":0,"25":0,"26":0,"27":0,"28":0,"29":0,"30":0,"31":0,"32":0,"33":0,"34":0,"35":0,"36":0,"37":0,"38":0,"39":0,"40":0,"41":0,"42":0,"43":0,"44":0,"45":0,"46":0,"47":0},"f":{"0":0,"1":0,"2":0,"3":0,"4":0,"5":0,"6":0,"7":0,"8":0,"9":0,"10":0,"11":0,"12":0,"13":0,"14":0,"15":0,"16":0,"17":0,"18":0,"19":0},"b":{"0":[0,0],"1":[0,0],"2":[0],"3":[0,0],"4":[0,0],"5":[0,0],"6":[0,0],"7":[0,0],"8":[0,0],"9":[0,0],"10":[0,0],"11":[0,0],"12":[0,0],"13":[0,0],"14":[0,0],"15":[0,0],"16":[0,0]},"_coverageSchema":"1a1c01bbd47fc00a2c39e90264f33305004495a9","hash":"896037405373ce4c8b8f4601655b57f2acc1bb29"}
,"/Users/fjimenez/Documents/6to/coqui-bot/backend/src/main/frontend/src/components/TaskDetailDrawer.js": {"path":"/Users/fjimenez/Documents/6to/coqui-bot/backend/src/main/frontend/src/components/TaskDetailDrawer.js","statementMap":{"0":{"start":{"line":9,"column":2},"end":{"line":11,"column":3}},"1":{"start":{"line":10,"column":4},"end":{"line":10,"column":21}},"2":{"start":{"line":12,"column":17},"end":{"line":12,"column":32}},"3":{"start":{"line":13,"column":2},"end":{"line":15,"column":3}},"4":{"start":{"line":14,"column":4},"end":{"line":14,"column":21}},"5":{"start":{"line":16,"column":2},"end":{"line":16,"column":33}},"6":{"start":{"line":20,"column":2},"end":{"line":25,"column":4}},"7":{"start":{"line":29,"column":34},"end":{"line":29,"column":49}},"8":{"start":{"line":30,"column":32},"end":{"line":30,"column":47}},"9":{"start":{"line":31,"column":26},"end":{"line":31,"column":87}},"10":{"start":{"line":33,"column":2},"end":{"line":42,"column":13}},"11":{"start":{"line":34,"column":4},"end":{"line":34,"column":22}},"12":{"start":{"line":34,"column":15},"end":{"line":34,"column":22}},"13":{"start":{"line":35,"column":4},"end":{"line":39,"column":7}},"14":{"start":{"line":40,"column":4},"end":{"line":40,"column":22}},"15":{"start":{"line":41,"column":4},"end":{"line":41,"column":21}},"16":{"start":{"line":44,"column":2},"end":{"line":46,"column":3}},"17":{"start":{"line":45,"column":4},"end":{"line":45,"column":16}},"18":{"start":{"line":49,"column":4},"end":{"line":49,"column":53}},"19":{"start":{"line":49,"column":23},"end":{"line":49,"column":50}},"20":{"start":{"line":53,"column":4},"end":{"line":53,"column":22}},"21":{"start":{"line":54,"column":4},"end":{"line":58,"column":7}},"22":{"start":{"line":62,"column":4},"end":{"line":65,"column":5}},"23":{"start":{"line":63,"column":6},"end":{"line":63,"column":24}},"24":{"start":{"line":64,"column":6},"end":{"line":64,"column":13}},"25":{"start":{"line":66,"column":4},"end":{"line":66,"column":20}},"26":{"start":{"line":67,"column":4},"end":{"line":73,"column":9}},"27":{"start":{"line":69,"column":8},"end":{"line":69,"column":26}},"28":{"start":{"line":72,"column":8},"end":{"line":72,"column":25}},"29":{"start":{"line":76,"column":2},"end":{"line":162,"column":4}},"30":{"start":{"line":89,"column":32},"end":{"line":89,"column":81}},"31":{"start":{"line":107,"column":39},"end":{"line":107,"column":80}},"32":{"start":{"line":115,"column":39},"end":{"line":115,"column":87}},"33":{"start":{"line":118,"column":53},"end":{"line":118,"column":92}},"34":{"start":{"line":120,"column":22},"end":{"line":120,"column":75}},"35":{"start":{"line":132,"column":39},"end":{"line":132,"column":89}}},"fnMap":{"0":{"name":"formatDate","decl":{"start":{"line":8,"column":9},"end":{"line":8,"column":19}},"loc":{"start":{"line":8,"column":27},"end":{"line":17,"column":1}},"line":8},"1":{"name":"MetaRow","decl":{"start":{"line":19,"column":9},"end":{"line":19,"column":16}},"loc":{"start":{"line":19,"column":35},"end":{"line":26,"column":1}},"line":19},"2":{"name":"TaskDetailDrawer","decl":{"start":{"line":28,"column":9},"end":{"line":28,"column":25}},"loc":{"start":{"line":28,"column":103},"end":{"line":163,"column":1}},"line":28},"3":{"name":"(anonymous_3)","decl":{"start":{"line":33,"column":12},"end":{"line":33,"column":13}},"loc":{"start":{"line":33,"column":18},"end":{"line":42,"column":3}},"line":33},"4":{"name":"handleChange","decl":{"start":{"line":48,"column":11},"end":{"line":48,"column":23}},"loc":{"start":{"line":48,"column":38},"end":{"line":50,"column":3}},"line":48},"5":{"name":"(anonymous_5)","decl":{"start":{"line":49,"column":12},"end":{"line":49,"column":13}},"loc":{"start":{"line":49,"column":23},"end":{"line":49,"column":50}},"line":49},"6":{"name":"handleCancelEdit","decl":{"start":{"line":52,"column":11},"end":{"line":52,"column":27}},"loc":{"start":{"line":52,"column":30},"end":{"line":59,"column":3}},"line":52},"7":{"name":"handleSave","decl":{"start":{"line":61,"column":11},"end":{"line":61,"column":21}},"loc":{"start":{"line":61,"column":24},"end":{"line":74,"column":3}},"line":61},"8":{"name":"(anonymous_8)","decl":{"start":{"line":68,"column":12},"end":{"line":68,"column":13}},"loc":{"start":{"line":68,"column":18},"end":{"line":70,"column":7}},"line":68},"9":{"name":"(anonymous_9)","decl":{"start":{"line":71,"column":15},"end":{"line":71,"column":16}},"loc":{"start":{"line":71,"column":21},"end":{"line":73,"column":7}},"line":71},"10":{"name":"(anonymous_10)","decl":{"start":{"line":89,"column":25},"end":{"line":89,"column":26}},"loc":{"start":{"line":89,"column":32},"end":{"line":89,"column":81}},"line":89},"11":{"name":"(anonymous_11)","decl":{"start":{"line":107,"column":28},"end":{"line":107,"column":29}},"loc":{"start":{"line":107,"column":39},"end":{"line":107,"column":80}},"line":107},"12":{"name":"(anonymous_12)","decl":{"start":{"line":115,"column":28},"end":{"line":115,"column":29}},"loc":{"start":{"line":115,"column":39},"end":{"line":115,"column":87}},"line":115},"13":{"name":"(anonymous_13)","decl":{"start":{"line":118,"column":28},"end":{"line":118,"column":29}},"loc":{"start":{"line":118,"column":53},"end":{"line":118,"column":92}},"line":118},"14":{"name":"(anonymous_14)","decl":{"start":{"line":119,"column":25},"end":{"line":119,"column":26}},"loc":{"start":{"line":120,"column":22},"end":{"line":120,"column":75}},"line":120},"15":{"name":"(anonymous_15)","decl":{"start":{"line":132,"column":28},"end":{"line":132,"column":29}},"loc":{"start":{"line":132,"column":39},"end":{"line":132,"column":89}},"line":132}},"branchMap":{"0":{"loc":{"start":{"line":9,"column":2},"end":{"line":11,"column":3}},"type":"if","locations":[{"start":{"line":9,"column":2},"end":{"line":11,"column":3}},{"start":{},"end":{}}],"line":9},"1":{"loc":{"start":{"line":13,"column":2},"end":{"line":15,"column":3}},"type":"if","locations":[{"start":{"line":13,"column":2},"end":{"line":15,"column":3}},{"start":{},"end":{}}],"line":13},"2":{"loc":{"start":{"line":23,"column":15},"end":{"line":23,"column":29}},"type":"binary-expr","locations":[{"start":{"line":23,"column":15},"end":{"line":23,"column":20}},{"start":{"line":23,"column":24},"end":{"line":23,"column":29}}],"line":23},"3":{"loc":{"start":{"line":28,"column":61},"end":{"line":28,"column":76}},"type":"default-arg","locations":[{"start":{"line":28,"column":71},"end":{"line":28,"column":76}}],"line":28},"4":{"loc":{"start":{"line":28,"column":78},"end":{"line":28,"column":99}},"type":"default-arg","locations":[{"start":{"line":28,"column":97},"end":{"line":28,"column":99}}],"line":28},"5":{"loc":{"start":{"line":34,"column":4},"end":{"line":34,"column":22}},"type":"if","locations":[{"start":{"line":34,"column":4},"end":{"line":34,"column":22}},{"start":{},"end":{}}],"line":34},"6":{"loc":{"start":{"line":36,"column":13},"end":{"line":36,"column":29}},"type":"binary-expr","locations":[{"start":{"line":36,"column":13},"end":{"line":36,"column":23}},{"start":{"line":36,"column":27},"end":{"line":36,"column":29}}],"line":36},"7":{"loc":{"start":{"line":37,"column":20},"end":{"line":37,"column":54}},"type":"binary-expr","locations":[{"start":{"line":37,"column":20},"end":{"line":37,"column":37}},{"start":{"line":37,"column":41},"end":{"line":37,"column":54}}],"line":37},"8":{"loc":{"start":{"line":38,"column":22},"end":{"line":38,"column":117}},"type":"cond-expr","locations":[{"start":{"line":38,"column":85},"end":{"line":38,"column":87}},{"start":{"line":38,"column":90},"end":{"line":38,"column":117}}],"line":38},"9":{"loc":{"start":{"line":38,"column":22},"end":{"line":38,"column":82}},"type":"binary-expr","locations":[{"start":{"line":38,"column":22},"end":{"line":38,"column":51}},{"start":{"line":38,"column":55},"end":{"line":38,"column":82}}],"line":38},"10":{"loc":{"start":{"line":44,"column":2},"end":{"line":46,"column":3}},"type":"if","locations":[{"start":{"line":44,"column":2},"end":{"line":46,"column":3}},{"start":{},"end":{}}],"line":44},"11":{"loc":{"start":{"line":55,"column":13},"end":{"line":55,"column":29}},"type":"binary-expr","locations":[{"start":{"line":55,"column":13},"end":{"line":55,"column":23}},{"start":{"line":55,"column":27},"end":{"line":55,"column":29}}],"line":55},"12":{"loc":{"start":{"line":56,"column":20},"end":{"line":56,"column":54}},"type":"binary-expr","locations":[{"start":{"line":56,"column":20},"end":{"line":56,"column":37}},{"start":{"line":56,"column":41},"end":{"line":56,"column":54}}],"line":56},"13":{"loc":{"start":{"line":57,"column":22},"end":{"line":57,"column":117}},"type":"cond-expr","locations":[{"start":{"line":57,"column":85},"end":{"line":57,"column":87}},{"start":{"line":57,"column":90},"end":{"line":57,"column":117}}],"line":57},"14":{"loc":{"start":{"line":57,"column":22},"end":{"line":57,"column":82}},"type":"binary-expr","locations":[{"start":{"line":57,"column":22},"end":{"line":57,"column":51}},{"start":{"line":57,"column":55},"end":{"line":57,"column":82}}],"line":57},"15":{"loc":{"start":{"line":62,"column":4},"end":{"line":65,"column":5}},"type":"if","locations":[{"start":{"line":62,"column":4},"end":{"line":65,"column":5}},{"start":{},"end":{}}],"line":62},"16":{"loc":{"start":{"line":83,"column":15},"end":{"line":83,"column":60}},"type":"binary-expr","locations":[{"start":{"line":83,"column":15},"end":{"line":83,"column":31}},{"start":{"line":83,"column":35},"end":{"line":83,"column":60}}],"line":83},"17":{"loc":{"start":{"line":85,"column":13},"end":{"line":93,"column":13}},"type":"binary-expr","locations":[{"start":{"line":85,"column":13},"end":{"line":85,"column":20}},{"start":{"line":86,"column":14},"end":{"line":92,"column":23}}],"line":85},"18":{"loc":{"start":{"line":89,"column":32},"end":{"line":89,"column":81}},"type":"cond-expr","locations":[{"start":{"line":89,"column":44},"end":{"line":89,"column":62}},{"start":{"line":89,"column":65},"end":{"line":89,"column":81}}],"line":89},"19":{"loc":{"start":{"line":91,"column":17},"end":{"line":91,"column":50}},"type":"cond-expr","locations":[{"start":{"line":91,"column":29},"end":{"line":91,"column":39}},{"start":{"line":91,"column":42},"end":{"line":91,"column":50}}],"line":91},"20":{"loc":{"start":{"line":98,"column":15},"end":{"line":98,"column":58}},"type":"cond-expr","locations":[{"start":{"line":98,"column":27},"end":{"line":98,"column":41}},{"start":{"line":98,"column":44},"end":{"line":98,"column":58}}],"line":98},"21":{"loc":{"start":{"line":99,"column":11},"end":{"line":155,"column":11}},"type":"cond-expr","locations":[{"start":{"line":100,"column":12},"end":{"line":143,"column":18}},{"start":{"line":145,"column":12},"end":{"line":154,"column":15}}],"line":99},"22":{"loc":{"start":{"line":118,"column":53},"end":{"line":118,"column":92}},"type":"binary-expr","locations":[{"start":{"line":118,"column":53},"end":{"line":118,"column":58}},{"start":{"line":118,"column":62},"end":{"line":118,"column":92}}],"line":118},"23":{"loc":{"start":{"line":139,"column":96},"end":{"line":139,"column":126}},"type":"binary-expr","locations":[{"start":{"line":139,"column":96},"end":{"line":139,"column":104}},{"start":{"line":139,"column":108},"end":{"line":139,"column":126}}],"line":139},"24":{"loc":{"start":{"line":140,"column":19},"end":{"line":140,"column":56}},"type":"cond-expr","locations":[{"start":{"line":140,"column":30},"end":{"line":140,"column":44}},{"start":{"line":140,"column":47},"end":{"line":140,"column":56}}],"line":140}},"s":{"0":8,"1":0,"2":8,"3":8,"4":0,"5":8,"6":32,"7":46,"8":46,"9":46,"10":46,"11":4,"12":3,"13":1,"14":1,"15":1,"16":46,"17":8,"18":32,"19":32,"20":0,"21":0,"22":1,"23":0,"24":0,"25":1,"26":1,"27":1,"28":1,"29":38,"30":1,"31":29,"32":1,"33":102,"34":68,"35":2},"f":{"0":8,"1":32,"2":46,"3":4,"4":32,"5":32,"6":0,"7":1,"8":1,"9":1,"10":1,"11":29,"12":1,"13":102,"14":68,"15":2},"b":{"0":[0,8],"1":[0,8],"2":[32,4],"3":[8],"4":[8],"5":[3,1],"6":[1,0],"7":[1,0],"8":[0,1],"9":[1,1],"10":[8,38],"11":[0,0],"12":[0,0],"13":[0,0],"14":[0,0],"15":[0,1],"16":[38,38],"17":[38,38],"18":[0,1],"19":[34,4],"20":[34,4],"21":[34,4],"22":[102,102],"23":[34,33],"24":[1,33]},"_coverageSchema":"1a1c01bbd47fc00a2c39e90264f33305004495a9","hash":"00da0a12effecf86f2c15872219ff653d0e86dc0"}
,"/Users/fjimenez/Documents/6to/coqui-bot/backend/src/main/frontend/src/components/TaskFilters.js": {"path":"/Users/fjimenez/Documents/6to/coqui-bot/backend/src/main/frontend/src/components/TaskFilters.js","statementMap":{"0":{"start":{"line":3,"column":23},"end":{"line":3,"column":104}},"1":{"start":{"line":5,"column":21},"end":{"line":14,"column":1}},"2":{"start":{"line":17,"column":14},"end":{"line":17,"column":124}},"3":{"start":{"line":18,"column":2},"end":{"line":18,"column":25}},"4":{"start":{"line":22,"column":2},"end":{"line":86,"column":4}},"5":{"start":{"line":30,"column":27},"end":{"line":30,"column":61}},"6":{"start":{"line":37,"column":74},"end":{"line":37,"column":108}},"7":{"start":{"line":39,"column":12},"end":{"line":39,"column":82}},"8":{"start":{"line":46,"column":74},"end":{"line":46,"column":108}},"9":{"start":{"line":48,"column":12},"end":{"line":48,"column":73}},"10":{"start":{"line":55,"column":78},"end":{"line":55,"column":114}},"11":{"start":{"line":57,"column":12},"end":{"line":57,"column":73}},"12":{"start":{"line":65,"column":82},"end":{"line":65,"column":119}},"13":{"start":{"line":67,"column":14},"end":{"line":67,"column":84}},"14":{"start":{"line":75,"column":70},"end":{"line":75,"column":102}},"15":{"start":{"line":77,"column":12},"end":{"line":77,"column":74}}},"fnMap":{"0":{"name":"translateOption","decl":{"start":{"line":16,"column":9},"end":{"line":16,"column":24}},"loc":{"start":{"line":16,"column":30},"end":{"line":19,"column":1}},"line":16},"1":{"name":"TaskFilters","decl":{"start":{"line":21,"column":9},"end":{"line":21,"column":20}},"loc":{"start":{"line":21,"column":132},"end":{"line":87,"column":1}},"line":21},"2":{"name":"(anonymous_2)","decl":{"start":{"line":30,"column":20},"end":{"line":30,"column":21}},"loc":{"start":{"line":30,"column":27},"end":{"line":30,"column":61}},"line":30},"3":{"name":"(anonymous_3)","decl":{"start":{"line":37,"column":67},"end":{"line":37,"column":68}},"loc":{"start":{"line":37,"column":74},"end":{"line":37,"column":108}},"line":37},"4":{"name":"(anonymous_4)","decl":{"start":{"line":38,"column":30},"end":{"line":38,"column":31}},"loc":{"start":{"line":39,"column":12},"end":{"line":39,"column":82}},"line":39},"5":{"name":"(anonymous_5)","decl":{"start":{"line":46,"column":67},"end":{"line":46,"column":68}},"loc":{"start":{"line":46,"column":74},"end":{"line":46,"column":108}},"line":46},"6":{"name":"(anonymous_6)","decl":{"start":{"line":47,"column":29},"end":{"line":47,"column":30}},"loc":{"start":{"line":48,"column":12},"end":{"line":48,"column":73}},"line":48},"7":{"name":"(anonymous_7)","decl":{"start":{"line":55,"column":71},"end":{"line":55,"column":72}},"loc":{"start":{"line":55,"column":78},"end":{"line":55,"column":114}},"line":55},"8":{"name":"(anonymous_8)","decl":{"start":{"line":56,"column":31},"end":{"line":56,"column":32}},"loc":{"start":{"line":57,"column":12},"end":{"line":57,"column":73}},"line":57},"9":{"name":"(anonymous_9)","decl":{"start":{"line":65,"column":75},"end":{"line":65,"column":76}},"loc":{"start":{"line":65,"column":82},"end":{"line":65,"column":119}},"line":65},"10":{"name":"(anonymous_10)","decl":{"start":{"line":66,"column":47},"end":{"line":66,"column":48}},"loc":{"start":{"line":67,"column":14},"end":{"line":67,"column":84}},"line":67},"11":{"name":"(anonymous_11)","decl":{"start":{"line":75,"column":63},"end":{"line":75,"column":64}},"loc":{"start":{"line":75,"column":70},"end":{"line":75,"column":102}},"line":75},"
[...]
2},"5":{"loc":{"start":{"line":93,"column":16},"end":{"line":93,"column":103}},"type":"cond-expr","locations":[{"start":{"line":93,"column":40},"end":{"line":93,"column":91}},{"start":{"line":93,"column":94},"end":{"line":93,"column":103}}],"line":93},"6":{"loc":{"start":{"line":94,"column":11},"end":{"line":94,"column":53}},"type":"cond-expr","locations":[{"start":{"line":94,"column":35},"end":{"line":94,"column":41}},{"start":{"line":94,"column":44},"end":{"line":94,"column":53}}],"line":94},"7":{"loc":{"start":{"line":126,"column":7},"end":{"line":131,"column":7}},"type":"binary-expr","locations":[{"start":{"line":126,"column":7},"end":{"line":126,"column":12}},{"start":{"line":127,"column":8},"end":{"line":130,"column":18}}],"line":126},"8":{"loc":{"start":{"line":150,"column":7},"end":{"line":191,"column":7}},"type":"binary-expr","locations":[{"start":{"line":150,"column":7},"end":{"line":150,"column":35}},{"start":{"line":151,"column":8},"end":{"line":190,"column":18}}],"line":150},"9":{"loc":{"start":{"line":193,"column":7},"end":{"line":235,"column":7}},"type":"binary-expr","locations":[{"start":{"line":193,"column":7},"end":{"line":193,"column":32}},{"start":{"line":194,"column":8},"end":{"line":234,"column":11}}],"line":193},"10":{"loc":{"start":{"line":219,"column":11},"end":{"line":231,"column":11}},"type":"cond-expr","locations":[{"start":{"line":220,"column":12},"end":{"line":223,"column":18}},{"start":{"line":225,"column":12},"end":{"line":230,"column":14}}],"line":219},"11":{"loc":{"start":{"line":237,"column":7},"end":{"line":237,"column":75}},"type":"binary-expr","locations":[{"start":{"line":237,"column":7},"end":{"line":237,"column":31}},{"start":{"line":237,"column":35},"end":{"line":237,"column":75}}],"line":237},"12":{"loc":{"start":{"line":239,"column":7},"end":{"line":251,"column":7}},"type":"binary-expr","locations":[{"start":{"line":239,"column":7},"end":{"line":239,"column":32}},{"start":{"line":240,"column":8},"end":{"line":250,"column":18}}],"line":239},"13":{"loc":{"start":{"line":253,"column":7},"end":{"line":265,"column":7}},"type":"binary-expr","locations":[{"start":{"line":253,"column":7},"end":{"line":253,"column":34}},{"start":{"line":254,"column":8},"end":{"line":264,"column":18}}],"line":253},"14":{"loc":{"start":{"line":267,"column":7},"end":{"line":276,"column":7}},"type":"binary-expr","locations":[{"start":{"line":267,"column":7},"end":{"line":267,"column":35}},{"start":{"line":268,"column":8},"end":{"line":275,"column":18}}],"line":267}},"s":{"0":2,"1":2,"2":2,"3":2,"4":2,"5":0,"6":0,"7":1,"8":0,"9":0,"10":0,"11":2,"12":1,"13":1,"14":1,"15":1,"16":1,"17":2,"18":1,"19":1,"20":1,"21":1,"22":1,"23":2,"24":6,"25":2,"26":0,"27":0,"28":0,"29":0,"30":1,"31":1,"32":0,"33":0,"34":0,"35":6},"f":{"0":2,"1":0,"2":0,"3":1,"4":0,"5":0,"6":0,"7":1,"8":1,"9":1,"10":1,"11":6,"12":0,"13":0,"14":0,"15":0,"16":1,"17":1,"18":0,"19":0,"20":0,"21":6},"b":{"0":[1,0],"1":[1,1],"2":[1,0],"3":[1,1],"4":[2,4],"5":[2,4],"6":[2,4],"7":[2,0],"8":[2,1],"9":[2,0],"10":[0,0],"11":[2,1],"12":[2,0],"13":[2,0],"14":[2,0]},"_coverageSchema":"1a1c01bbd47fc00a2c39e90264f33305004495a9","hash":"c156b8fc84de56f7cef0b2c3af2b9172774df688"}
,"/Users/fjimenez/Documents/6to/coqui-bot/backend/src/main/frontend/src/pages/DeveloperDashboard.js": {"path":"/Users/fjimenez/Documents/6to/coqui-bot/backend/src/main/frontend/src/pages/DeveloperDashboard.js","statementMap":{"0":{"start":{"line":21,"column":44},"end":{"line":21,"column":64}},"1":{"start":{"line":22,"column":27},"end":{"line":22,"column":36}},"2":{"start":{"line":32,"column":6},"end":{"line":34,"column":4}},"3":{"start":{"line":36,"column":24},"end":{"line":36,"column":105}},"4":{"start":{"line":36,"column":38},"end":{"line":36,"column":79}},"5":{"start":{"line":37,"column":26},"end":{"line":37,"column":111}},"6":{"start":{"line":37,"column":40},"end":{"line":37,"column":93}},"7":{"start":{"line":37,"column":76},"end":{"line":37,"column":91}},"8":{"start":{"line":39,"column":23},"end":{"line":39,"column":68}},"9":{"start":{"line":39,"column":37},"end":{"line":39,"column":50}},"10":{"start":{"line":41,"column":26},"end":{"line":41,"column":85}},"11":{"start":{"line":41,"column":40},"end":{"line":41,"column":67}},"12":{"start":{"line":42,"column":27},"end":{"line":42,"column":124}},"13":{"start":{"line":43,"column":21},"end":{"line":46,"column":3}},"14":{"start":{"line":44,"column":10},"end":{"line":44,"column":89}},"15":{"start":{"line":44,"column":46},"end":{"line":44,"column":85}},"16":{"start":{"line":47,"column":23},"end":{"line":47,"column":118}},"17":{"start":{"line":47,"column":37},"end":{"line":47,"column":100}},"18":{"start":{"line":47,"column":66},"end":{"line":47,"column":77}},"19":{"start":{"line":48,"column":25},"end":{"line":51,"column":3}},"20":{"start":{"line":49,"column":10},"end":{"line":49,"column":111}},"21":{"start":{"line":49,"column":40},"end":{"line":49,"column":98}},"22":{"start":{"line":52,"column":28},"end":{"line":58,"column":3}},"23":{"start":{"line":53,"column":10},"end":{"line":56,"column":18}},"24":{"start":{"line":54,"column":24},"end":{"line":54,"column":36}},"25":{"start":{"line":55,"column":22},"end":{"line":55,"column":63}},"26":{"start":{"line":60,"column":23},"end":{"line":65,"column":3}},"27":{"start":{"line":67,"column":19},"end":{"line":73,"column":3}},"28":{"start":{"line":68,"column":83},"end":{"line":68,"column":111}},"29":{"start":{"line":69,"column":83},"end":{"line":69,"column":108}},"30":{"start":{"line":70,"column":90},"end":{"line":70,"column":118}},"31":{"start":{"line":71,"column":83},"end":{"line":71,"column":111}},"32":{"start":{"line":72,"column":84},"end":{"line":72,"column":111}},"33":{"start":{"line":75,"column":2},"end":{"line":275,"column":4}},"34":{"start":{"line":130,"column":18},"end":{"line":139,"column":27}},"35":{"start":{"line":130,"column":95},"end":{"line":130,"column":116}},"36":{"start":{"line":144,"column":81},"end":{"line":144,"column":106}},"37":{"start":{"line":162,"column":18},"end":{"line":168,"column":24}},"38":{"start":{"line":184,"column":18},"end":{"line":187,"column":24}},"39":{"start":{"line":211,"column":14},"end":{"line":220,"column":23}},"40":{"start":{"line":211,"column":91},"end":{"line":211,"column":112}},"41":{"start":{"line":231,"column":14},"end":{"line":234,"column":20}},"42":{"start":{"line":245,"column":14},"end":{"line":251,"column":20}}},"fnMap":{"0":{"name":"DeveloperDashboard","decl":{"start":{"line":20,"column":9},"end":{"line":20,"column":27}},"loc":{"start":{"line":20,"column":30},"end":{"line":276,"column":1}},"line":20},"1":{"name":"(anonymous_1)","decl":{"start":{"line":36,"column":32},"end":{"line":36,"column":33}},"loc":{"start":{"line":36,"column":38},"end":{"line":36,"column":79}},"line":36},"2":{"name":"(anonymous_2)","decl":{"start":{"line":37,"column":34},"end":{"line":37,"column":35}},"loc":{"start":{"line":37,"column":40},"end":{"line":37,"column":93}},"line":37},"3":{"name":"(anonymous_3)","decl":{"start":{"line":37,"column":66},"end":{"line":37,"column":67}},"loc":{"start":{"line":37,"column":76},"end":{"line":37,"column":91}},"line":37},"4":{"name":"(anonymous_4)","decl":{"start":{"line":39,"column":31},"end":{"line":39,"column":32}},"loc":{"start":{"line":39,"column":37},"end":{"line":39,"column":50}},"line":39},"5":{"name":"(anonymous_5)","decl":{"start":{"line":41,"column":34},"end":{"line":41,"column":35}},"loc":{"start":{"line":41,"column":40},"end":{"line":41,"column":67}},"line":41},"6":{"name":"(anonymous_6)","decl":{"start":{"line":44,"column":4},"end":{"line":44,"column":5}},"loc":{"start":{"line":44,"column":10},"end":{"line":44,"column":89}},"line":44},"7":{"name":"(anonymous_7)","decl":{"start":{"line":44,"column":31},"end":{"line":44,"column":32}},"loc":{"start":{"line":44,"column":46},"end":{"line":44,"column":85}},"line":44},"8":{"name":"(anonymous_8)","decl":{"start":{"line":47,"column":31},"end":{"line":47,"column":32}},"loc":{"start":{"line":47,"column":37},"end":{"line":47,"column":100}},"line":47},"9":{"name":"(anonymous_9)","decl":{"start":{"line":47,"column":56},"end":{"line":47,"column":57}},"loc":{"start":{"line":47,"column":66},"end":{"line":47,"column":77}},"line":47},"10":{"name":"(anonymous_10)","decl":{"start":{"line":49,"column":4},"end":{"line":49,"column":5}},"loc":{"start":{"line":49,"column":10},"end":{"line":49,"column":111}},"line":49},"11":{"name":"(anonymous_11)","decl":{"start":{"line":49,"column":29},"end":{"line":49,"column":30}},"loc":{"start":{"line":49,"column":40},"end":{"line":49,"column":98}},"line":49},"12":{"name":"(anonymous_12)","decl":{"start":{"line":53,"column":4},"end":{"line":53,"column":5}},"loc":{"start":{"line":53,"column":10},"end":{"line":56,"column":18}},"line":53},"13":{"name":"(anonymous_13)","decl":{"start":{"line":54,"column":14},"end":{"line":54,"column":15}},"loc":{"start":{"line":54,"column":24},"end":{"line":54,"column":36}},"line":54},"14":{"name":"(anonymous_14)","decl":{"start":{"line":55,"column":12},"end":{"line":55,"column":13}},"loc":{"start":{"line":55,"column":22},"end":{"line":55,"column":63}},"line":55},"15":{"name":"(anonymous_15)","decl":{"start":{"line":68,"column":77},"end":{"line":68,"column":78}},"loc":{"start":{"line":68,"column":83},"end":{"line":68,"column":111}},"line":68},"16":{"name":"(anonymous_16)","decl":{"start":{"line":69,"column":77},"end":{"line":69,"column":78}},"loc":{"start":{"line":69,"column":83},"end":{"line":69,"column":108}},"line":69},"17":{"name":"(anonymous_17)","decl":{"start":{"line":70,"column":84},"end":{"line":70,"column":85}},"loc":{"start":{"line":70,"column":90},"end":{"line":70,"column":118}},"line":70},"18":{"name":"(anonymous_18)","decl":{"start":{"line":71,"column":77},"end":{"line":71,"column":78}},"loc":{"start":{"line":71,"column":83},"end":{"line":71,"column":111}},"line":71},"19":{"name":"(anonymous_19)","decl":{"start":{"line":72,"column":78},"end":{"line":72,"column":79}},"loc":{"start":{"line":72,"column":84},"end":{"line":72,"column":111}},"line":72},"20":{"name":"(anonymous_20)","decl":{"start":{"line":129,"column":34},"end":{"line":129,"column":35}},"loc":{"start":{"line":130,"column":18},"end":{"line":139,"column":27}},"line":130},"21":{"name":"(anonymous_21)","decl":{"start":{"line":130,"column":89},"end":{"line":130,"column":90}},"loc":{"start":{"line":130,"column":95},"end":{"line":130,"column":116}},"line":130},"22":{"name":"(anonymous_22)","decl":{"start":{"line":144,"column":75},"end":{"line":144,"column":76}},"loc":{"start":{"line":144,"column":81},"end":{"line":144,"column":106}},"line":144},"23":{"name":"(anonymous_23)","decl":{"start":{"line":161,"column":60},"end":{"line":161,"column":61}},"loc":{"start":{"line":162,"column":18},"end":{"line":168,"column":24}},"line":162},"24":{"name":"(anonymous_24)","decl":{"start":{"line":183,"column":39},"end":{"line":183,"column":40}},"loc":{"start":{"line":184,"column":18},"end":{"line":187,"column":24}},"line":184},"25":{"name":"(anonymous_25)","decl":{"start":{"line":210,"column":30},"end":{"line":210,"column":31}},"loc":{"start":{"line":211,"column":14},"end":{"line":220,"column":23}},"line":211},"26":{"name":"(anonymous_26)","decl":{"start":{"line":211,"column":85},"end":{"line":211,"column":86}},"loc":{"start":{"line":211,"column":91},"end":{"line":211,"column":112}},"line":211},"27":{"name":"(anonymous_27)","decl":{"start":{"line":230,"column":35},"end":{"line":230,"column":36}},"loc":{"start":{"line":231,"column":14},"end":{"line":234,"column":20}},"line":231},"28":{"name":"(anonymous_28)","decl":{"start":{"line":244,"column":32},"end":{"line":244,"column":33}},"loc":{"start":{"line":245,"column":14},"end":{"line":251,"column":20}},"line":245}},"branchMap":{"0":{"loc":{"start":{"line":42,"column":27},"end":{"line":42,"column":124}},"type":"cond-expr","locations":[{"start":{"line":42,"column":51},"end":{"line":42,"column":120}},{"start":{"line":42,"column":123},"end":{"line":42,"column":124}}],"line":42},"1":{"loc":{"start":{"line":44,"column":53},"end":{"line":44,"column":84}},"type":"binary-expr","locations":[{"start":{"line":44,"column":53},"end":{"line":44,"column":79}},{"start":{"line":44,"column":83},"end":{"line":44,"column":84}}],"line":44},"2":{"loc":{"start":{"line":47,"column":37},"end":{"line":47,"column":100}},"type":"binary-expr","locations":[{"start":{"line":47,"column":37},"end":{"line":47,"column":86}},{"start":{"line":47,"column":90},"end":{"line":47,"column":100}}],"line":47},"3":{"loc":{"start":{"line":49,"column":40},"end":{"line":49,"column":98}},"type":"binary-expr","locations":[{"start":{"line":49,"column":40},"end":{"line":49,"column":53}},{"start":{"line":49,"column":57},"end":{"line":49,"column":98}}],"line":49},"4":{"loc":{"start":{"line":85,"column":7},"end":{"line":90,"column":7}},"type":"binary-expr","locations":[{"start":{"line":85,"column":7},"end":{"line":85,"column":12}},{"start":{"line":86,"column":8},"end":{"line":89,"column":18}}],"line":85},"5":{"loc":{"start":{"line":113,"column":7},"end":{"line":204,"column":7}},"type":"binary-expr","locations":[{"start":{"line":113,"column":7},"end":{"line":113,"column":35}},{"start":{"line":114,"column":8},"end":{"line":203,"column":18}}],"line":113},"6":{"loc":{"start":{"line":122,"column":13},"end":{"line":149,"column":13}},"type":"cond-expr","locations":[{"start":{"line":123,"column":14},"end":{"line":126,"column":20}},{"start":{"line":128,"column":14},"end":{"line":148,"column":20}}],"line":122},"7":{"loc":{"start":{"line":133,"column":56},"end":{"line":133,"column":83}},"type":"binary-expr","locations":[{"start":{"line":133,"column":56},"end":{"line":133,"column":67}},{"start":{"line":133,"column":71},"end":{"line":133,"column":83}}],"line":133},"8":{"loc":{"start":{"line":133,"column":88},"end":{"line":133,"column":116}},"type":"binary-expr","locations":[{"start":{"line":133,"column":88},"end":{"line":133,"column":99}},{"start":{"line":133,"column":103},"end":{"line":133,"column":116}}],"line":133},"9":{"loc":{"start":{"line":137,"column":56},"end":{"line":137,"column":135}},"type":"cond-expr","locations":[{"start":{"line":137,"column":71},"end":{"line":137,"column":121}},{"start":{"line":137,"column":124},"end":{"line":137,"column":135}}],"line":137},"10":{"loc":{"start":{"line":141,"column":17},"end":{"line":143,"column":17}},"type":"binary-expr","locations":[{"start":{"line":141,"column":17},"end":{"line":141,"column":37}},{"start":{"line":142,"column":18},"end":{"line":142,"column":110}}],"line":141},"11":{"loc":{"start":{"line":161,"column":17},"end":{"line":171,"column":17}},"type":"cond-expr","locations":[{"start":{"line":161,"column":41},"end":{"line":169,"column":18}},{"start":{"line":170,"column":18},"end":{"line":170,"column":101}}],"line":161},"12":{"loc":{"start":{"line":186,"column":27},"end":{"line":186,"column":106}},"type":"cond-expr","locations":[{"start":{"line":186,"column":42},"end":{"line":186,"column":92}},{"start":{"line":186,"column":95},"end":{"line":186,"column":106}}],"line":186},"13":{"loc":{"start":{"line":189,"column":17},"end":{"line":189,"column":128}},"type":"binary-expr","locations":[{"start":{"line":189,"column":17},"end":{"line":189,"column":42}},{"start":{"line":189,"column":46},"end":{"line":189,"column":128}}],"line":189},"14":{"loc":{"start":{"line":206,"column":7},"end":{"line":224,"column":7}},"type":"binary-expr","locations":[{"start":{"line":206,"column":7},"end":{"line":206,"column":32}},{"start":{"line":207,"column":8},"end":{"line":223,"column":18}}],"line":206},"15":{"loc":{"start":{"line":214,"column":52},"end":{"line":214,"column":79}},"type":"binary-expr","locations":[{"start":{"line":214,"column":52},"end":{"line":214,"column":63}},{"start":{"line":214,"column":67},"end":{"line":214,"column":79}}],"line":214},"16":{"loc":{"start":{"line":214,"column":84},"end":{"line":214,"column":112}},"type":"binary-expr","locations":[{"start":{"line":214,"column":84},"end":{"line":214,"column":95}},{"start":{"line":214,"column":99},"end":{"line":214,"column":112}}],"line":214},"17":{"loc":{"start":{"line":218,"column":52},"end":{"line":218,"column":131}},"type":"cond-expr","locations":[{"start":{"line":218,"column":67},"end":{"line":218,"column":117}},{"start":{"line":218,"column":120},"end":{"line":218,"column":131}}],"line":218},"18":{"loc":{"start":{"line":226,"column":7},"end":{"line":238,"column":7}},"type":"binary-expr","locations":[{"start":{"line":226,"column":7},"end":{"line":226,"column":35}},{"start":{"line":227,"column":8},"end":{"line":237,"column":18}}],"line":226},"19":{"loc":{"start":{"line":233,"column":23},"end":{"line":233,"column":102}},"type":"cond-expr","locations":[{"start":{"line":233,"column":38},"end":{"line":233,"column":88}},{"start":{"line":233,"column":91},"end":{"line":233,"column":102}}],"line":233},"20":{"loc":{"start":{"line":240,"column":7},"end":{"line":255,"column":7}},"type":"binary-expr","locations":[{"start":{"line":240,"column":7},"end":{"line":240,"column":35}},{"start":{"line":241,"column":8},"end":{"line":254,"column":18}}],"line":240},"21":{"loc":{"start":{"line":257,"column":7},"end":{"line":267,"column":7}},"type":"binary-expr","locations":[{"start":{"line":257,"column":7},"end":{"line":257,"column":34}},{"start":{"line":258,"column":8},"end":{"line":266,"column":18}}],"line":257}},"s":{"0":9,"1":9,"2":9,"3":9,"4":4,"5":9,"6":4,"7":5,"8":9,"9":4,"10":9,"11":4,"12":9,"13":9,"14":4,"15":5,"16":9,"17":4,"18":3,"19":9,"20":5,"21":2,"22":9,"23":4,"24":5,"25":2,"26":9,"27":9,"28":0,"29":0,"30":0,"31":0,"32":1,"33":9,"34":6,"35":0,"36":0,"37":2,"38":6,"39":0,"40":0,"41":0,"42":0},"f":{"0":9,"1":4,"2":4,"3":5,"4":4,"5":4,"6":4,"7":5,"8":4,"9":3,"10":5,"11":2,"12":4,"13":5,"14":2,"15":0,"16":0,"17":0,"18":0,"19":1,"20":6,"21":0,"22":0,"23":2,"24":6,"25":0,"26":0,"27":0,"28":0},"b":{"0":[5,4],"1":[5,2],"2":[4,1],"3":[2,1],"4":[9,0],"5":[9,8],"6":[1,7],"7":[6,0],"8":[6,6],"9":[6,0],"10":[7,3],"11":[2,6],"12":[6,0],"13":[8,4],"14":[9,0],"15":[0,0],"16":[0,0],"17":[0,0],"18":[9,0],"19":[0,0],"20":[9,0],"21":[9,1]},"_coverageSchema":"1a1c01bbd47fc00a2c39e90264f33305004495a9","hash":"b8e852f7c1c3c764dc3862298556f1efd5cb9008"}
,"/Users/fjimenez/Documents/6to/coqui-bot/backend/src/main/frontend/src/pages/LoginPage.js": {"path":"/Users/fjimenez/Documents/6to/coqui-bot/backend/src/main/frontend/src/pages/LoginPage.js","statementMap":{"0":{"start":{"line":10,"column":28},"end":{"line":10,"column":37}},"1":{"start":{"line":12,"column":2},"end":{"line":14,"column":3}},"2":{"start":{"line":13,"column":4},"end":{"line":13,"column":70}},"3":{"start":{"line":16,"column":2},"end":{"line":70,"column":4}},"4":{"start":{"line":48,"column":86},"end":{"line":48,"column":102}},"5":{"start":{"line":55,"column":90},"end":{"line":55,"column":110}}},"fnMap":{"0":{"name":"LoginPage","decl":{"start":{"line":9,"column":9},"end":{"line":9,"column":18}},"loc":{"start":{"line":9,"column":21},"end":{"line":71,"column":1}},"line":9},"1":{"name":"(anonymous_1)","decl":{"start":{"line":48,"column":80},"end":{"line":48,"column":81}},"loc":{"start":{"line":48,"column":86},"end":{"line":48,"column":102}},"line":48},"2":{"name":"(anonymous_2)","decl":{"start":{"line":55,"column":84},"end":{"line":55,"column":85}},"loc":{"start":{"line":55,"column":90},"end":{"line":55,"column":110}},"line":55}},"branchMap":{"0":{"loc":{"start":{"line":12,"column":2},"end":{"line":14,"column":3}},"type":"if","locations":[{"start":{"line":12,"column":2},"end":{"line":14,"column":3}},{"start":{},"end":{}}],"line":12},"1":{"loc":{"start":{"line":13,"column":25},"end":{"line":13,"column":65}},"type":"cond-expr","locations":[{"start":{"line":13,"column":49},"end":{"line":13,"column":57}},{"start":{"line":13,"column":60},"end":{"line":13,"column":65}}],"line":13}},"s":{"0":5,"1":5,"2":2,"3":3,"4":1,"5":1},"f":{"0":5,"1":1,"2":1},"b":{"0":[2,3],"1":[1,1]},"_coverageSchema":"1a1c01bbd47fc00a2c39e90264f33305004495a9","hash":"0abd3c705a234a34d4b5ed2e88b72071773c2248"}
}
