TN:
SF:src/app/auth/useAuth.js
FN:4,useAuth
FNF:1
FNH:0
FNDA:0,useAuth
DA:5,0
DA:6,0
DA:7,0
DA:9,0
LF:4
LH:0
BRDA:6,0,0,0
BRDA:6,0,1,0
BRF:2
BRH:0
end_of_record
TN:
SF:src/app/router/ProtectedRoute.js
FN:5,ProtectedRoute
FN:11,(anonymous_1)
FNF:2
FNH:2
FNDA:2,ProtectedRoute
FNDA:2,(anonymous_1)
DA:6,2
DA:8,2
DA:12,2
DA:13,1
DA:16,1
DA:17,1
DA:20,0
LF:7
LH:6
BRDA:12,0,0,1
BRDA:12,0,1,1
BRDA:16,1,0,1
BRDA:16,1,1,0
BRDA:16,2,0,1
BRDA:16,2,1,1
BRDA:17,3,0,0
BRDA:17,3,1,1
BRF:8
BRH:6
end_of_record
TN:
SF:src/components/Kpidashboard.js
FN:34,GroupedBarChart
FN:35,(anonymous_1)
FN:35,(anonymous_2)
FN:44,fmt
FN:56,(anonymous_4)
FN:68,(anonymous_5)
FN:83,(anonymous_6)
FN:87,(anonymous_7)
FN:122,LineChart
FN:123,(anonymous_9)
FN:123,(anonymous_10)
FN:129,xPos
FN:133,yPos
FN:142,(anonymous_13)
FN:153,(anonymous_14)
FN:170,(anonymous_15)
FN:170,(anonymous_16)
FN:171,(anonymous_17)
FN:176,(anonymous_18)
FN:190,(anonymous_19)
FN:200,KPIDashboard
FN:205,(anonymous_21)
FN:215,(anonymous_22)
FN:223,(anonymous_23)
FN:227,(anonymous_24)
FN:234,(anonymous_25)
FN:235,getDevName
FN:243,getSprintName
FN:257,(anonymous_28)
FN:258,(anonymous_29)
FN:264,(anonymous_30)
FN:265,(anonymous_31)
FN:267,(anonymous_32)
FN:268,(anonymous_33)
FN:274,(anonymous_34)
FN:276,(anonymous_35)
FN:278,(anonymous_36)
FN:279,(anonymous_37)
FN:285,(anonymous_38)
FN:286,(anonymous_39)
FN:291,(anonymous_40)
FN:293,(anonymous_41)
FN:295,(anonymous_42)
FN:296,(anonymous_43)
FN:303,(anonymous_44)
FN:305,(anonymous_45)
FNF:46
FNH:45
FNDA:2,GroupedBarChart
FNDA:7,(anonymous_1)
FNDA:20,(anonymous_2)
FNDA:37,fmt
FNDA:7,(anonymous_4)
FNDA:10,(anonymous_5)
FNDA:7,(anonymous_6)
FNDA:20,(anonymous_7)
FNDA:1,LineChart
FNDA:3,(anonymous_9)
FNDA:6,(anonymous_10)
FNDA:14,xPos
FNDA:12,yPos
FNDA:3,(anonymous_13)
FNDA:5,(anonymous_14)
FNDA:3,(anonymous_15)
FNDA:3,(anonymous_16)
FNDA:6,(anonymous_17)
FNDA:6,(anonymous_18)
FNDA:2,(anonymous_19)
FNDA:3,KPIDashboard
FNDA:1,(anonymous_21)
FNDA:1,(anonymous_22)
FNDA:1,(anonymous_23)
FNDA:0,(anonymous_24)
FNDA:2,(anonymous_25)
FNDA:55,getDevName
FNDA:108,getSprintName
FNDA:12,(anonymous_28)
FNDA:20,(anonymous_29)
FNDA:3,(anonymous_30)
FNDA:8,(anonymous_31)
FNDA:15,(anonymous_32)
FNDA:15,(anonymous_33)
FNDA:10,(anonymous_34)
FNDA:15,(anonymous_35)
FNDA:40,(anonymous_36)
FNDA:4,(anonymous_37)
FNDA:10,(anonymous_38)
FNDA:13,(anonymous_39)
FNDA:10,(anonymous_40)
FNDA:15,(anonymous_41)
FNDA:40,(anonymous_42)
FNDA:4,(anonymous_43)
FNDA:4,(anonymous_44)
FNDA:4,(anonymous_45)
DA:6,1
DA:8,1
DA:9,1
DA:16,1
DA:24,1
DA:25,1
DA:35,20
DA:36,2
DA:37,2
DA:38,2
DA:39,2
DA:40,2
DA:41,2
DA:42,2
DA:45,37
DA:46,18
DA:49,2
DA:57,7
DA:69,10
DA:70,10
DA:71,10
DA:84,7
DA:85,7
DA:88,20
DA:89,20
DA:90,20
DA:91,20
DA:92,20
DA:123,6
DA:124,1
DA:125,1
DA:126,1
DA:127,1
DA:130,14
DA:131,14
DA:133,12
DA:135,1
DA:143,3
DA:154,5
DA:155,5
DA:170,3
DA:171,6
DA:172,3
DA:173,3
DA:177,6
DA:178,6
DA:191,2
DA:201,3
DA:202,3
DA:203,3
DA:205,3
DA:206,1
DA:207,0
DA:208,0
DA:209,0
DA:210,0
DA:213,1
DA:214,1
DA:216,1
DA:217,1
DA:218,1
DA:219,0
DA:221,1
DA:224,1
DA:225,1
DA:228,0
DA:229,0
DA:230,0
DA:234,3
DA:236,55
DA:237,55
DA:238,180
DA:240,0
DA:244,108
DA:245,108
DA:246,108
DA:247,108
DA:249,0
DA:250,0
DA:251,0
DA:253,0
DA:257,2
DA:258,20
DA:260,2
DA:264,2
DA:265,8
DA:266,3
DA:267,3
DA:268,15
DA:270,3
DA:274,2
DA:275,10
DA:276,10
DA:277,15
DA:278,40
DA:279,4
DA:280,15
DA:282,10
DA:285,2
DA:286,13
DA:291,2
DA:292,10
DA:293,10
DA:294,15
DA:295,40
DA:296,4
DA:297,15
DA:299,10
DA:303,4
DA:304,2
DA:305,4
DA:307,2
DA:310,3
DA:311,1
DA:313,1
LF:115
LH:102
BRDA:35,0,0,20
BRDA:35,0,1,13
BRDA:45,1,0,19
BRDA:45,1,1,18
BRDA:46,2,0,15
BRDA:46,2,1,3
BRDA:52,3,0,2
BRDA:52,3,1,2
BRDA:58,4,0,7
BRDA:58,4,1,0
BRDA:88,5,0,20
BRDA:88,5,1,13
BRDA:89,6,0,20
BRDA:89,6,1,0
BRDA:94,7,0,20
BRDA:94,7,1,0
BRDA:97,8,0,20
BRDA:97,8,1,7
BRDA:97,8,2,7
BRDA:123,9,0,6
BRDA:123,9,1,2
BRDA:130,10,0,0
BRDA:130,10,1,14
BRDA:138,11,0,1
BRDA:138,11,1,1
BRDA:144,12,0,3
BRDA:144,12,1,0
BRDA:170,13,0,2
BRDA:170,13,1,1
BRDA:170,14,0,2
BRDA:170,14,1,1
BRDA:171,15,0,6
BRDA:171,15,1,2
BRDA:175,16,0,3
BRDA:175,16,1,0
BRDA:175,17,0,2
BRDA:175,17,1,1
BRDA:175,18,0,3
BRDA:175,18,1,1
BRDA:177,19,0,6
BRDA:177,19,1,2
BRDA:180,20,0,6
BRDA:180,20,1,0
BRDA:200,21,0,3
BRDA:201,22,0,3
BRDA:201,22,1,3
BRDA:206,23,0,0
BRDA:206,23,1,1
BRDA:216,24,0,0
BRDA:216,24,1,1
BRDA:217,25,0,1
BRDA:217,25,1,0
BRDA:218,26,0,0
BRDA:218,26,1,1
BRDA:236,27,0,55
BRDA:236,27,1,0
BRDA:238,28,0,55
BRDA:238,28,1,125
BRDA:244,29,0,108
BRDA:244,29,1,0
BRDA:246,30,0,108
BRDA:246,30,1,0
BRDA:247,31,0,108
BRDA:247,31,1,0
BRDA:249,32,0,0
BRDA:249,32,1,0
BRDA:249,32,2,0
BRDA:249,32,3,0
BRDA:251,33,0,0
BRDA:251,33,1,0
BRDA:260,34,0,1
BRDA:260,34,1,1
BRDA:265,35,0,8
BRDA:265,35,1,4
BRDA:278,36,0,40
BRDA:278,36,1,20
BRDA:279,37,0,4
BRDA:279,37,1,0
BRDA:295,38,0,40
BRDA:295,38,1,20
BRDA:296,39,0,4
BRDA:296,39,1,0
BRDA:303,40,0,4
BRDA:303,40,1,0
BRDA:310,41,0,2
BRDA:310,41,1,1
BRDA:311,42,0,0
BRDA:311,42,1,1
BRF:88
BRH:63
end_of_record
TN:
SF:src/components/TaskDetailDrawer.js
FN:8,formatDate
FN:19,MetaRow
FN:28,TaskDetailDrawer
FN:33,(anonymous_3)
FN:48,handleChange
FN:49,(anonymous_5)
FN:52,handleCancelEdit
FN:61,handleSave
FN:68,(anonymous_8)
FN:71,(anonymous_9)
FN:89,(anonymous_10)
FN:107,(anonymous_11)
FN:115,(anonymous_12)
FN:118,(anonymous_13)
FN:119,(anonymous_14)
FN:132,(anonymous_15)
FNF:16
FNH:15
FNDA:8,formatDate
FNDA:32,MetaRow
FNDA:46,TaskDetailDrawer
FNDA:4,(anonymous_3)
FNDA:32,handleChange
FNDA:32,(anonymous_5)
FNDA:0,handleCancelEdit
FNDA:1,handleSave
FNDA:1,(anonymous_8)
FNDA:1,(anonymous_9)
FNDA:1,(anonymous_10)
FNDA:29,(anonymous_11)
FNDA:1,(anonymous_12)
FNDA:102,(anonymous_13)
FNDA:68,(anonymous_14)
FNDA:2,(anonymous_15)
DA:9,8
DA:10,0
DA:12,8
DA:13,8
DA:14,0
DA:16,8
DA:20,32
DA:29,46
DA:30,46
DA:31,46
DA:33,46
DA:34,4
DA:35,1
DA:40,1
DA:41,1
DA:44,46
DA:45,8
DA:49,32
DA:53,0
DA:54,0
DA:62,1
DA:63,0
DA:64,0
DA:66,1
DA:67,1
DA:69,1
DA:72,1
DA:76,38
DA:89,1
DA:107,29
DA:115,1
DA:118,102
DA:120,68
DA:132,2
LF:34
LH:28
BRDA:9,0,0,0
BRDA:9,0,1,8
BRDA:13,1,0,0
BRDA:13,1,1,8
BRDA:23,2,0,32
BRDA:23,2,1,4
BRDA:28,3,0,8
BRDA:28,4,0,8
BRDA:34,5,0,3
BRDA:34,5,1,1
BRDA:36,6,0,1
BRDA:36,6,1,0
BRDA:37,7,0,1
BRDA:37,7,1,0
BRDA:38,8,0,0
BRDA:38,8,1,1
BRDA:38,9,0,1
BRDA:38,9,1,1
BRDA:44,10,0,8
BRDA:44,10,1,38
BRDA:55,11,0,0
BRDA:55,11,1,0
BRDA:56,12,0,0
BRDA:56,12,1,0
BRDA:57,13,0,0
BRDA:57,13,1,0
BRDA:57,14,0,0
BRDA:57,14,1,0
BRDA:62,15,0,0
BRDA:62,15,1,1
BRDA:83,16,0,38
BRDA:83,16,1,38
BRDA:85,17,0,38
BRDA:85,17,1,38
BRDA:89,18,0,0
BRDA:89,18,1,1
BRDA:91,19,0,34
BRDA:91,19,1,4
BRDA:98,20,0,34
BRDA:98,20,1,4
BRDA:99,21,0,34
BRDA:99,21,1,4
BRDA:118,22,0,102
BRDA:118,22,1,102
BRDA:139,23,0,34
BRDA:139,23,1,33
BRDA:140,24,0,1
BRDA:140,24,1,33
BRF:48
BRH:33
end_of_record
TN:
SF:src/components/TaskTable.js
FN:5,formatDate
FN:12,ModalHoras
FN:44,(anonymous_2)
FN:59,(anonymous_3)
FN:70,TaskTable
FN:73,handleDoneClick
FN:79,handleHorasConfirmar
FN:80,(anonymous_7)
FN:96,(anonymous_8)
FN:115,(anonymous_9)
FN:131,(anonymous_10)
FN:155,(anonymous_11)
FN:170,(anonymous_12)
FN:174,(anonymous_13)
FNF:14
FNH:10
FNDA:4,formatDate
FNDA:4,ModalHoras
FNDA:3,(anonymous_2)
FNDA:1,(anonymous_3)
FNDA:5,TaskTable
FNDA:1,handleDoneClick
FNDA:1,handleHorasConfirmar
FNDA:0,(anonymous_7)
FNDA:0,(anonymous_8)
FNDA:4,(anonymous_9)
FNDA:0,(anonymous_10)
FNDA:4,(anonymous_11)
FNDA:1,(anonymous_12)
FNDA:0,(anonymous_13)
DA:6,4
DA:7,4
DA:8,4
DA:9,4
DA:13,4
DA:14,4
DA:44,3
DA:59,1
DA:71,5
DA:74,1
DA:75,1
DA:76,0
DA:80,1
DA:81,1
DA:84,5
DA:85,1
DA:93,4
DA:96,0
DA:116,4
DA:131,0
DA:155,4
DA:170,1
DA:174,0
LF:23
LH:19
BRDA:6,0,0,0
BRDA:6,0,1,4
BRDA:8,1,0,0
BRDA:8,1,1,4
BRDA:27,2,0,4
BRDA:27,2,1,4
BRDA:59,3,0,1
BRDA:59,3,1,0
BRDA:70,4,0,5
BRDA:75,5,0,1
BRDA:75,5,1,0
BRDA:84,6,0,1
BRDA:84,6,1,4
BRDA:95,7,0,4
BRDA:95,7,1,1
BRDA:118,8,0,4
BRDA:118,8,1,0
BRDA:134,9,0,4
BRDA:134,9,1,4
BRDA:136,10,0,0
BRDA:136,10,1,4
BRDA:141,11,0,4
BRDA:141,11,1,0
BRDA:148,12,0,4
BRDA:148,12,1,0
BRDA:148,13,0,4
BRDA:148,13,1,4
BRDA:148,13,2,4
BRDA:162,14,0,4
BRDA:162,14,1,0
BRDA:162,15,0,4
BRDA:162,15,1,4
BRDA:164,16,0,1
BRDA:164,16,1,3
BRDA:164,17,0,4
BRDA:164,17,1,1
BRDA:164,17,2,1
BRDA:165,18,0,1
BRDA:165,18,1,3
BRDA:165,19,0,4
BRDA:165,19,1,1
BRDA:165,19,2,1
BRDA:171,20,0,1
BRDA:171,20,1,3
BRDA:173,21,0,4
BRDA:173,21,1,4
BRF:46
BRH:37
end_of_record
TN:
SF:src/features/tasks/useTaskWorkspace.js
FN:85,loadTaskIds
FN:93,saveTaskId
FN:101,inferPriority
FN:105,inferStatus
FN:110,buildFallbackHistory
FN:121,normalizeTask
FN:147,buildMetrics
FN:149,(anonymous_7)
FN:150,(anonymous_8)
FN:152,(anonymous_9)
FN:161,filterTasksForUser
FN:170,(anonymous_11)
FN:172,(anonymous_12)
FN:176,(anonymous_13)
FN:177,(anonymous_14)
FN:177,(anonymous_15)
FN:181,useTaskWorkspace
FN:205,(anonymous_17)
FN:206,(anonymous_18)
FN:213,(anonymous_19)
FN:213,(anonymous_20)
FN:217,(anonymous_21)
FN:217,(anonymous_22)
FN:218,(anonymous_23)
FN:218,(anonymous_24)
FN:220,(anonymous_25)
FN:222,(anonymous_26)
FN:224,(anonymous_27)
FN:233,(anonymous_28)
FN:234,(anonymous_29)
FN:243,(anonymous_30)
FN:248,(anonymous_31)
FN:275,(anonymous_32)
FN:277,deleteItem
FN:279,(anonymous_34)
FN:279,(anonymous_35)
FN:289,(anonymous_36)
FN:293,(anonymous_37)
FN:294,(anonymous_38)
FN:301,(anonymous_39)
FN:304,toggleDone
FN:308,(anonymous_41)
FN:308,(anonymous_42)
FN:328,(anonymous_43)
FN:332,(anonymous_44)
FN:333,(anonymous_45)
FN:338,(anonymous_46)
FN:341,updateTaskDetails
FN:351,(anonymous_48)
FN:360,(anonymous_49)
FN:360,(anonymous_50)
FN:361,(anonymous_51)
FN:371,(anonymous_52)
FN:375,(anonymous_53)
FN:376,(anonymous_54)
FN:376,(anonymous_55)
FN:380,(anonymous_56)
FN:384,(anonymous_57)
FN:390,(anonymous_58)
FN:393,(anonymous_59)
FN:397,(anonymous_60)
FN:404,(anonymous_61)
FN:413,(anonymous_62)
FN:417,addItem
FN:442,(anonymous_64)
FN:445,(anonymous_65)
FN:456,(anonymous_66)
FN:460,(anonymous_67)
FN:464,(anonymous_68)
FN:488,(anonymous_69)
FN:494,handleFilterChange
FN:495,(anonymous_71)
FN:498,resetFilters
FN:510,openTaskDetails
FN:515,closeTaskDetails
FNF:75
FNH:35
FNDA:1,loadTaskIds
FNDA:0,saveTaskId
FNDA:2,inferPriority
FNDA:2,inferStatus
FNDA:2,buildFallbackHistory
FNDA:2,normalizeTask
FNDA:6,buildMetrics
FNDA:7,(anonymous_7)
FNDA:7,(anonymous_8)
FNDA:7,(anonymous_9)
FNDA:4,filterTasksForUser
FNDA:12,(anonymous_11)
FNDA:6,(anonymous_12)
FNDA:6,(anonymous_13)
FNDA:6,(anonymous_14)
FNDA:8,(anonymous_15)
FNDA:6,useTaskWorkspace
FNDA:1,(anonymous_17)
FNDA:1,(anonymous_18)
FNDA:2,(anonymous_19)
FNDA:2,(anonymous_20)
FNDA:2,(anonymous_21)
FNDA:2,(anonymous_22)
FNDA:2,(anonymous_23)
FNDA:2,(anonymous_24)
FNDA:2,(anonymous_25)
FNDA:2,(anonymous_26)
FNDA:2,(anonymous_27)
FNDA:2,(anonymous_28)
FNDA:2,(anonymous_29)
FNDA:0,(anonymous_30)
FNDA:1,(anonymous_31)
FNDA:2,(anonymous_32)
FNDA:0,deleteItem
FNDA:0,(anonymous_34)
FNDA:0,(anonymous_35)
FNDA:0,(anonymous_36)
FNDA:0,(anonymous_37)
FNDA:0,(anonymous_38)
FNDA:0,(anonymous_39)
FNDA:0,toggleDone
FNDA:0,(anonymous_41)
FNDA:0,(anonymous_42)
FNDA:0,(anonymous_43)
FNDA:0,(anonymous_44)
FNDA:0,(anonymous_45)
FNDA:0,(anonymous_46)
FNDA:0,updateTaskDetails
FNDA:0,(anonymous_48)
FNDA:0,(anonymous_49)
FNDA:0,(anonymous_50)
FNDA:0,(anonymous_51)
FNDA:0,(anonymous_52)
FNDA:0,(anonymous_53)
FNDA:0,(anonymous_54)
FNDA:0,(anonymous_55)
FNDA:0,(anonymous_56)
FNDA:0,(anonymous_57)
FNDA:1,(anonymous_58)
FNDA:1,(anonymous_59)
FNDA:1,(anonymous_60)
FNDA:0,(anonymous_61)
FNDA:1,(anonymous_62)
FNDA:0,addItem
FNDA:0,(anonymous_64)
FNDA:0,(anonymous_65)
FNDA:0,(anonymous_66)
FNDA:0,(anonymous_67)
FNDA:0,(anonymous_68)
FNDA:0,(anonymous_69)
FNDA:0,handleFilterChange
FNDA:0,(anonymous_71)
FNDA:0,resetFilters
FNDA:0,openTaskDetails
FNDA:0,closeTaskDetails
DA:4,5
DA:5,5
DA:7,5
DA:86,1
DA:87,1
DA:89,0
DA:94,0
DA:95,0
DA:96,0
DA:97,0
DA:102,2
DA:106,2
DA:107,0
DA:111,2
DA:112,2
DA:113,2
DA:115,2
DA:116,0
DA:118,2
DA:122,2
DA:123,2
DA:124,2
DA:126,2
DA:148,6
DA:149,7
DA:150,7
DA:151,6
DA:152,6
DA:153,7
DA:154,5
DA:155,5
DA:158,6
DA:162,4
DA:164,4
DA:170,12
DA:172,4
DA:173,6
DA:174,6
DA:176,6
DA:177,8
DA:184,6
DA:185,6
DA:186,6
DA:187,6
DA:188,6
DA:189,6
DA:190,6
DA:191,6
DA:192,6
DA:193,6
DA:194,6
DA:203,6
DA:205,6
DA:206,1
DA:212,6
DA:213,2
DA:217,6
DA:218,6
DA:220,6
DA:221,2
DA:222,2
DA:223,2
DA:224,2
DA:225,2
DA:226,2
DA:230,2
DA:233,6
DA:234,2
DA:235,2
DA:236,2
DA:237,2
DA:238,2
DA:239,2
DA:240,2
DA:241,2
DA:242,2
DA:243,0
DA:244,2
DA:247,2
DA:248,2
DA:251,1
DA:252,1
DA:253,1
DA:254,0
DA:255,0
DA:256,0
DA:257,0
DA:258,0
DA:259,0
DA:260,0
DA:261,0
DA:262,0
DA:264,0
DA:267,1
DA:268,1
DA:269,1
DA:272,2
DA:275,6
DA:278,0
DA:279,0
DA:280,0
DA:281,0
DA:282,0
DA:283,0
DA:285,0
DA:288,0
DA:290,0
DA:291,0
DA:294,0
DA:295,0
DA:296,0
DA:297,0
DA:298,0
DA:301,0
DA:305,0
DA:307,0
DA:308,0
DA:316,0
DA:317,0
DA:320,0
DA:321,0
DA:323,0
DA:329,0
DA:330,0
DA:333,0
DA:336,0
DA:338,0
DA:342,0
DA:350,0
DA:351,0
DA:352,0
DA:360,0
DA:361,0
DA:362,0
DA:363,0
DA:366,0
DA:372,0
DA:373,0
DA:376,0
DA:379,0
DA:380,0
DA:381,0
DA:382,0
DA:385,0
DA:386,0
DA:390,6
DA:391,1
DA:392,1
DA:394,1
DA:395,0
DA:398,1
DA:399,1
DA:400,1
DA:401,1
DA:402,1
DA:405,0
DA:406,0
DA:407,0
DA:408,0
DA:409,0
DA:413,6
DA:414,1
DA:418,0
DA:419,0
DA:421,0
DA:422,0
DA:423,0
DA:440,0
DA:441,0
DA:442,0
DA:445,0
DA:446,0
DA:447,0
DA:448,0
DA:451,0
DA:457,0
DA:458,0
DA:461,0
DA:462,0
DA:463,0
DA:464,0
DA:467,0
DA:484,0
DA:485,0
DA:486,0
DA:489,0
DA:490,0
DA:495,0
DA:499,0
DA:511,0
DA:512,0
DA:516,0
DA:519,6
LF:193
LH:92
BRDA:87,0,0,1
BRDA:87,0,1,1
BRDA:102,1,0,2
BRDA:102,1,1,0
BRDA:106,2,0,2
BRDA:106,2,1,0
BRDA:107,3,0,0
BRDA:107,3,1,0
BRDA:112,4,0,2
BRDA:112,4,1,0
BRDA:115,5,0,0
BRDA:115,5,1,2
BRDA:123,6,0,2
BRDA:123,6,1,0
BRDA:123,6,2,0
BRDA:124,7,0,2
BRDA:124,7,1,0
BRDA:124,8,0,0
BRDA:124,8,1,0
BRDA:128,9,0,2
BRDA:128,9,1,2
BRDA:128,9,2,2
BRDA:129,10,0,2
BRDA:129,10,1,2
BRDA:129,10,2,0
BRDA:129,10,3,0
BRDA:130,11,0,2
BRDA:130,11,1,2
BRDA:130,11,2,0
BRDA:131,12,0,2
BRDA:131,12,1,0
BRDA:133,13,0,2
BRDA:133,13,1,2
BRDA:133,13,2,0
BRDA:138,14,0,2
BRDA:138,14,1,0
BRDA:139,15,0,2
BRDA:139,15,1,0
BRDA:140,16,0,2
BRDA:140,16,1,0
BRDA:141,17,0,2
BRDA:141,17,1,0
BRDA:142,18,0,2
BRDA:142,18,1,2
BRDA:143,19,0,2
BRDA:143,19,1,2
BRDA:153,20,0,2
BRDA:153,20,1,5
BRDA:153,21,0,7
BRDA:153,21,1,5
BRDA:155,22,0,5
BRDA:155,22,1,5
BRDA:162,23,0,0
BRDA:162,23,1,4
BRDA:173,24,0,0
BRDA:173,24,1,6
BRDA:177,25,0,8
BRDA:177,25,1,3
BRDA:177,25,2,3
BRDA:181,26,0,0
BRDA:183,27,0,0
BRDA:223,28,0,2
BRDA:223,28,1,0
BRDA:223,29,0,2
BRDA:223,29,1,2
BRDA:226,30,0,2
BRDA:226,30,1,0
BRDA:237,31,0,2
BRDA:237,31,1,0
BRDA:237,31,2,0
BRDA:238,32,0,2
BRDA:238,32,1,0
BRDA:238,32,2,0
BRDA:238,32,3,0
BRDA:239,33,0,2
BRDA:239,33,1,0
BRDA:239,34,0,0
BRDA:239,34,1,0
BRDA:240,35,0,2
BRDA:240,35,1,0
BRDA:241,36,0,2
BRDA:241,36,1,0
BRDA:242,37,0,2
BRDA:242,37,1,0
BRDA:242,37,2,0
BRDA:244,38,0,2
BRDA:244,38,1,2
BRDA:244,38,2,2
BRDA:244,38,3,2
BRDA:244,38,4,2
BRDA:244,38,5,2
BRDA:251,39,0,1
BRDA:251,39,1,0
BRDA:252,40,0,1
BRDA:252,40,1,0
BRDA:253,41,0,1
BRDA:253,41,1,0
BRDA:254,42,0,0
BRDA:254,42,1,0
BRDA:255,43,0,0
BRDA:255,43,1,0
BRDA:256,44,0,0
BRDA:256,44,1,0
BRDA:257,45,0,0
BRDA:257,45,1,0
BRDA:260,46,0,0
BRDA:260,46,1,0
BRDA:261,47,0,0
BRDA:261,47,1,0
BRDA:262,48,0,0
BRDA:262,48,1,0
BRDA:267,49,0,0
BRDA:267,49,1,1
BRDA:267,50,0,0
BRDA:267,50,1,0
BRDA:268,51,0,0
BRDA:268,51,1,1
BRDA:268,52,0,0
BRDA:268,52,1,0
BRDA:278,53,0,0
BRDA:278,53,1,0
BRDA:281,54,0,0
BRDA:281,54,1,0
BRDA:281,55,0,0
BRDA:281,55,1,0
BRDA:290,56,0,0
BRDA:290,56,1,0
BRDA:296,57,0,0
BRDA:296,57,1,0
BRDA:296,58,0,0
BRDA:296,58,1,0
BRDA:307,59,0,0
BRDA:307,59,1,0
BRDA:308,60,0,0
BRDA:308,60,1,0
BRDA:312,61,0,0
BRDA:312,61,1,0
BRDA:313,62,0,0
BRDA:313,62,1,0
BRDA:313,63,0,0
BRDA:313,63,1,0
BRDA:313,64,0,0
BRDA:313,64,1,0
BRDA:316,65,0,0
BRDA:316,65,1,0
BRDA:321,66,0,0
BRDA:321,66,1,0
BRDA:321,67,0,0
BRDA:321,67,1,0
BRDA:329,68,0,0
BRDA:329,68,1,0
BRDA:333,69,0,0
BRDA:333,69,1,0
BRDA:334,70,0,0
BRDA:334,70,1,0
BRDA:334,71,0,0
BRDA:334,71,1,0
BRDA:336,72,0,0
BRDA:336,72,1,0
BRDA:345,73,0,0
BRDA:345,73,1,0
BRDA:345,74,0,0
BRDA:345,74,1,0
BRDA:350,75,0,0
BRDA:350,75,1,0
BRDA:357,76,0,0
BRDA:357,76,1,0
BRDA:357,76,2,0
BRDA:360,77,0,0
BRDA:360,77,1,0
BRDA:361,78,0,0
BRDA:361,78,1,0
BRDA:361,79,0,0
BRDA:361,79,1,0
BRDA:372,80,0,0
BRDA:372,80,1,0
BRDA:376,81,0,0
BRDA:376,81,1,0
BRDA:380,82,0,0
BRDA:380,82,1,0
BRDA:380,83,0,0
BRDA:380,83,1,0
BRDA:394,84,0,1
BRDA:394,84,1,0
BRDA:419,85,0,0
BRDA:419,85,1,0
BRDA:421,86,0,0
BRDA:421,86,1,0
BRDA:425,87,0,0
BRDA:425,87,1,0
BRDA:427,88,0,0
BRDA:427,88,1,0
BRDA:429,89,0,0
BRDA:429,89,1,0
BRDA:433,90,0,0
BRDA:433,90,1,0
BRDA:434,91,0,0
BRDA:434,91,1,0
BRDA:436,92,0,0
BRDA:436,92,1,0
BRDA:437,93,0,0
BRDA:437,93,1,0
BRDA:440,94,0,0
BRDA:440,94,1,0
BRDA:447,95,0,0
BRDA:447,95,1,0
BRDA:457,96,0,0
BRDA:457,96,1,0
BRDA:462,97,0,0
BRDA:462,97,1,0
BRDA:462,98,0,0
BRDA:462,98,1,0
BRDA:472,99,0,0
BRDA:472,99,1,0
BRDA:476,100,0,0
BRDA:476,100,1,0
BRDA:477,101,0,0
BRDA:477,101,1,0
BRDA:479,102,0,0
BRDA:479,102,1,0
BRDA:480,103,0,0
BRDA:480,103,1,0
BRDA:481,104,0,0
BRDA:481,104,1,0
BRDA:486,105,0,0
BRDA:486,105,1,0
BRF:226
BRH:59
end_of_record
TN:
SF:src/pages/AdminDashboard.js
FN:23,AdminDashboard
FN:60,(anonymous_1)
FN:61,(anonymous_2)
FN:62,(anonymous_3)
FN:63,(anonymous_4)
FN:64,(anonymous_5)
FN:65,(anonymous_6)
FN:68,(anonymous_7)
FN:70,(anonymous_8)
FN:77,(anonymous_9)
FN:79,(anonymous_10)
FN:86,(anonymous_11)
FN:119,(anonymous_12)
FN:136,(anonymous_13)
FN:140,(anonymous_14)
FN:144,(anonymous_15)
FN:170,(anonymous_16)
FN:181,(anonymous_17)
FN:201,(anonymous_18)
FN:243,(anonymous_19)
FN:257,(anonymous_20)
FN:284,(anonymous_21)
FNF:22
FNH:10
FNDA:2,AdminDashboard
FNDA:0,(anonymous_1)
FNDA:0,(anonymous_2)
FNDA:1,(anonymous_3)
FNDA:0,(anonymous_4)
FNDA:0,(anonymous_5)
FNDA:0,(anonymous_6)
FNDA:1,(anonymous_7)
FNDA:1,(anonymous_8)
FNDA:1,(anonymous_9)
FNDA:1,(anonymous_10)
FNDA:6,(anonymous_11)
FNDA:0,(anonymous_12)
FNDA:0,(anonymous_13)
FNDA:0,(anonymous_14)
FNDA:0,(anonymous_15)
FNDA:1,(anonymous_16)
FNDA:1,(anonymous_17)
FNDA:0,(anonymous_18)
FNDA:0,(anonymous_19)
FNDA:0,(anonymous_20)
FNDA:6,(anonymous_21)
DA:24,2
DA:28,2
DA:50,2
DA:52,2
DA:59,2
DA:60,0
DA:61,0
DA:62,1
DA:63,0
DA:64,0
DA:65,0
DA:68,2
DA:69,1
DA:70,1
DA:71,1
DA:72,1
DA:74,1
DA:77,2
DA:78,1
DA:79,1
DA:80,1
DA:81,1
DA:83,1
DA:86,6
DA:101,2
DA:119,0
DA:136,0
DA:140,0
DA:144,0
DA:171,1
DA:182,1
DA:201,0
DA:244,0
DA:258,0
DA:284,6
LF:35
LH:23
BRDA:71,0,0,1
BRDA:71,0,1,0
BRDA:72,1,0,1
BRDA:72,1,1,1
BRDA:80,2,0,1
BRDA:80,2,1,0
BRDA:81,3,0,1
BRDA:81,3,1,1
BRDA:92,4,0,2
BRDA:92,4,1,4
BRDA:93,5,0,2
BRDA:93,5,1,4
BRDA:94,6,0,2
BRDA:94,6,1,4
BRDA:126,7,0,2
BRDA:126,7,1,0
BRDA:150,8,0,2
BRDA:150,8,1,1
BRDA:193,9,0,2
BRDA:193,9,1,0
BRDA:219,10,0,0
BRDA:219,10,1,0
BRDA:237,11,0,2
BRDA:237,11,1,1
BRDA:239,12,0,2
BRDA:239,12,1,0
BRDA:253,13,0,2
BRDA:253,13,1,0
BRDA:267,14,0,2
BRDA:267,14,1,0
BRF:30
BRH:21
end_of_record
TN:
SF:src/pages/DeveloperDashboard.js
FN:20,DeveloperDashboard
FN:36,(anonymous_1)
FN:37,(anonymous_2)
FN:37,(anonymous_3)
FN:39,(anonymous_4)
FN:41,(anonymous_5)
FN:44,(anonymous_6)
FN:44,(anonymous_7)
FN:47,(anonymous_8)
FN:47,(anonymous_9)
FN:49,(anonymous_10)
FN:49,(anonymous_11)
FN:53,(anonymous_12)
FN:54,(anonymous_13)
FN:55,(anonymous_14)
FN:68,(anonymous_15)
FN:69,(anonymous_16)
FN:70,(anonymous_17)
FN:71,(anonymous_18)
FN:72,(anonymous_19)
FN:129,(anonymous_20)
FN:130,(anonymous_21)
FN:144,(anonymous_22)
FN:161,(anonymous_23)
FN:183,(anonymous_24)
FN:210,(anonymous_25)
FN:211,(anonymous_26)
FN:230,(anonymous_27)
FN:244,(anonymous_28)
FNF:29
FNH:19
FNDA:9,DeveloperDashboard
FNDA:4,(anonymous_1)
FNDA:4,(anonymous_2)
FNDA:5,(anonymous_3)
FNDA:4,(anonymous_4)
FNDA:4,(anonymous_5)
FNDA:4,(anonymous_6)
FNDA:5,(anonymous_7)
FNDA:4,(anonymous_8)
FNDA:3,(anonymous_9)
FNDA:5,(anonymous_10)
FNDA:2,(anonymous_11)
FNDA:4,(anonymous_12)
FNDA:5,(anonymous_13)
FNDA:2,(anonymous_14)
FNDA:0,(anonymous_15)
FNDA:0,(anonymous_16)
FNDA:0,(anonymous_17)
FNDA:0,(anonymous_18)
FNDA:1,(anonymous_19)
FNDA:6,(anonymous_20)
FNDA:0,(anonymous_21)
FNDA:0,(anonymous_22)
FNDA:2,(anonymous_23)
FNDA:6,(anonymous_24)
FNDA:0,(anonymous_25)
FNDA:0,(anonymous_26)
FNDA:0,(anonymous_27)
FNDA:0,(anonymous_28)
DA:21,9
DA:22,9
DA:32,9
DA:36,9
DA:37,9
DA:39,9
DA:41,9
DA:42,9
DA:43,9
DA:44,5
DA:47,9
DA:48,9
DA:49,5
DA:52,9
DA:53,4
DA:54,5
DA:55,2
DA:60,9
DA:67,9
DA:68,0
DA:69,0
DA:70,0
DA:71,0
DA:72,1
DA:75,9
DA:130,6
DA:144,0
DA:162,2
DA:184,6
DA:211,0
DA:231,0
DA:245,0
LF:32
LH:24
BRDA:42,0,0,5
BRDA:42,0,1,4
BRDA:44,1,0,5
BRDA:44,1,1,2
BRDA:47,2,0,4
BRDA:47,2,1,1
BRDA:49,3,0,2
BRDA:49,3,1,1
BRDA:85,4,0,9
BRDA:85,4,1,0
BRDA:113,5,0,9
BRDA:113,5,1,8
BRDA:122,6,0,1
BRDA:122,6,1,7
BRDA:133,7,0,6
BRDA:133,7,1,0
BRDA:133,8,0,6
BRDA:133,8,1,6
BRDA:137,9,0,6
BRDA:137,9,1,0
BRDA:141,10,0,7
BRDA:141,10,1,3
BRDA:161,11,0,2
BRDA:161,11,1,6
BRDA:186,12,0,6
BRDA:186,12,1,0
BRDA:189,13,0,8
BRDA:189,13,1,4
BRDA:206,14,0,9
BRDA:206,14,1,0
BRDA:214,15,0,0
BRDA:214,15,1,0
BRDA:214,16,0,0
BRDA:214,16,1,0
BRDA:218,17,0,0
BRDA:218,17,1,0
BRDA:226,18,0,9
BRDA:226,18,1,0
BRDA:233,19,0,0
BRDA:233,19,1,0
BRDA:240,20,0,9
BRDA:240,20,1,0
BRDA:257,21,0,9
BRDA:257,21,1,1
BRF:44
BRH:29
end_of_record
TN:
SF:src/pages/LoginPage.js
FN:9,LoginPage
FN:48,(anonymous_1)
FN:55,(anonymous_2)
FNF:3
FNH:3
FNDA:5,LoginPage
FNDA:1,(anonymous_1)
FNDA:1,(anonymous_2)
DA:10,5
DA:12,5
DA:13,2
DA:16,3
DA:48,1
DA:55,1
LF:6
LH:6
BRDA:12,0,0,2
BRDA:12,0,1,3
BRDA:13,1,0,1
BRDA:13,1,1,1
BRF:4
BRH:4
end_of_record
